#
# A fatal error has been detected by the Java Runtime Environment:
#
#  SIGSEGV (0xb) at pc=0x000000011c8d4891, pid=12822, tid=55303
#
# JRE version: Java(TM) SE Runtime Environment (13.0.1+9) (build 13.0.1+9)
# Java VM: Java HotSpot(TM) 64-Bit Server VM (13.0.1+9, mixed mode, sharing, tiered, compressed oops, g1 gc, bsd-amd64)
# Problematic frame:
# C  [libawt_lwawt.dylib+0x1b891]  OGLSD_SetScratchSurface+0x1f
#
# No core dump will be written. Core dumps have been disabled. To enable core dumping, try "ulimit -c unlimited" before starting Java again
#
# If you would like to submit a bug report, please visit:
#   http://bugreport.java.com/bugreport/crash.jsp
# The crash happened outside the Java Virtual Machine in native code.
# See problematic frame for where to report the bug.
#

---------------  S U M M A R Y ------------

Command Line: -javaagent:/Applications/IntelliJ IDEA.app/Contents/lib/idea_rt.jar=54261:/Applications/IntelliJ IDEA.app/Contents/bin -Dfile.encoding=UTF-8 main

Host: MacBookPro16,1 x86_64 2600 MHz, 12 cores, 16G, Darwin 19.5.0
Time: Fri Jun  5 08:55:50 2020 CEST elapsed time: 245 seconds (0d 0h 4m 5s)

---------------  T H R E A D  ---------------

Current thread (0x00007f96dd953800):  JavaThread "Java2D Queue Flusher" daemon [_thread_in_native, id=55303, stack(0x000070001108e000,0x000070001118e000)]

Stack: [0x000070001108e000,0x000070001118e000],  sp=0x000070001118d8e0,  free space=1022k
Native frames: (J=compiled Java code, A=aot compiled Java code, j=interpreted, Vv=VM code, C=native code)
C  [libawt_lwawt.dylib+0x1b891]  OGLSD_SetScratchSurface+0x1f
C  [libawt_lwawt.dylib+0x3fe6d]  Java_sun_java2d_opengl_OGLRenderQueue_flushBuffer+0x949
J 2013  sun.java2d.opengl.OGLRenderQueue.flushBuffer(JI)V java.desktop@13.0.1 (0 bytes) @ 0x0000000124fe13dd [0x0000000124fe1320+0x00000000000000bd]
J 1999 c1 sun.java2d.opengl.OGLRenderQueue.flushBuffer()V java.desktop@13.0.1 (41 bytes) @ 0x000000011db5011c [0x000000011db4ffe0+0x000000000000013c]
j  sun.java2d.opengl.OGLRenderQueue$QueueFlusher.run()V+81 java.desktop@13.0.1
j  java.lang.Thread.run()V+11 java.base@13.0.1
v  ~StubRoutines::call_stub
V  [libjvm.dylib+0x39910f]  JavaCalls::call_helper(JavaValue*, methodHandle const&, JavaCallArguments*, Thread*)+0x285
V  [libjvm.dylib+0x398519]  JavaCalls::call_virtual(JavaValue*, Klass*, Symbol*, Symbol*, JavaCallArguments*, Thread*)+0xe7
V  [libjvm.dylib+0x3985d6]  JavaCalls::call_virtual(JavaValue*, Handle, Klass*, Symbol*, Symbol*, Thread*)+0x62
V  [libjvm.dylib+0x419518]  thread_entry(JavaThread*, Thread*)+0x78
V  [libjvm.dylib+0x72fe88]  JavaThread::thread_main_inner()+0x86
V  [libjvm.dylib+0x72fcc6]  JavaThread::run()+0x124
V  [libjvm.dylib+0x72dae5]  Thread::call_run()+0x71
V  [libjvm.dylib+0x62641d]  thread_native_entry(Thread*)+0x132
C  [libsystem_pthread.dylib+0x6109]  _pthread_start+0x94
C  [libsystem_pthread.dylib+0x1b8b]  thread_start+0xf

Java frames: (J=compiled Java code, j=interpreted, Vv=VM code)
J 2013  sun.java2d.opengl.OGLRenderQueue.flushBuffer(JI)V java.desktop@13.0.1 (0 bytes) @ 0x0000000124fe1368 [0x0000000124fe1320+0x0000000000000048]
J 1999 c1 sun.java2d.opengl.OGLRenderQueue.flushBuffer()V java.desktop@13.0.1 (41 bytes) @ 0x000000011db5011c [0x000000011db4ffe0+0x000000000000013c]
j  sun.java2d.opengl.OGLRenderQueue$QueueFlusher.run()V+81 java.desktop@13.0.1
j  java.lang.Thread.run()V+11 java.base@13.0.1
v  ~StubRoutines::call_stub

siginfo: si_signo: 11 (SIGSEGV), si_code: 1 (SEGV_MAPERR), si_addr: 0x0000000000000002

Register to memory mapping:

RAX=0x0 is NULL
RBX=0x00007f96dae80830 points into unknown readable memory: 00 00 00 00 00 00 00 d0
RCX=0x0000000000000047 is an unknown value
RDX=0x000000011c8f8e4a: Java_sun_java2d_opengl_OGLRenderQueue_flushBuffer+0x926 in /Library/Java/JavaVirtualMachines/jdk-13.0.1.jdk/Contents/Home/lib/libawt_lwawt.dylib at 0x000000011c8b9000
RSP=0x000070001118d8e0 is pointing into the stack for thread: 0x00007f96dd953800
RBP=0x000070001118d910 is pointing into the stack for thread: 0x00007f96dd953800
RSI=0x00007f96dae80830 points into unknown readable memory: 00 00 00 00 00 00 00 d0
RDI=0x00007f96dd953b10 points into unknown readable memory: e0 1d b5 0f 01 00 00 00
R8 =0x0000000000000071 is an unknown value
R9 =0xffffffff00000000 is an unknown value
R10=0x0000000124fe1368 is at entry_point+72 in (nmethod*)0x0000000124fe1190
R11=0x000000011db50020 is at entry_point+64 in (nmethod*)0x000000011db4fe10
R12=0x00007f96dd8ffc10 points into unknown readable memory: 5a 00 00 00 49 00 00 00
R13=0x0000000000000002 is an unknown value
R14=0x000000011c8f90dc: Java_sun_java2d_opengl_OGLRenderQueue_flushBuffer+0xbb8 in /Library/Java/JavaVirtualMachines/jdk-13.0.1.jdk/Contents/Home/lib/libawt_lwawt.dylib at 0x000000011c8b9000
R15=0x00007f96dd953b10 points into unknown readable memory: e0 1d b5 0f 01 00 00 00


Registers:
RAX=0x0000000000000000, RBX=0x00007f96dae80830, RCX=0x0000000000000047, RDX=0x000000011c8f8e4a
RSP=0x000070001118d8e0, RBP=0x000070001118d910, RSI=0x00007f96dae80830, RDI=0x00007f96dd953b10
R8 =0x0000000000000071, R9 =0xffffffff00000000, R10=0x0000000124fe1368, R11=0x000000011db50020
R12=0x00007f96dd8ffc10, R13=0x0000000000000002, R14=0x000000011c8f90dc, R15=0x00007f96dd953b10
RIP=0x000000011c8d4891, EFLAGS=0x0000000000010202, ERR=0x0000000000000004
  TRAPNO=0x000000000000000e

Top of Stack: (sp=0x000070001118d8e0)
0x000070001118d8e0:   0000000000000000 00007f96dae80830
0x000070001118d8f0:   00007f96dd8ffc10 00007f96dd8ffc20
0x000070001118d900:   000000011c8f90dc 00007f96dd953b10
0x000070001118d910:   000070001118d970 000000011c8f8e6d
0x000070001118d920:   000000010fbc3901 00007f96dd953800
0x000070001118d930:   000070001118d950 000000000f94c2ea
0x000070001118d940:   00007f96dc2625b0 000000016f800f18
0x000070001118d950:   0000000000000000 000070001118da50
0x000070001118d960:   000070001118dad8 00007f96dd953800
0x000070001118d970:   000070001118d9c0 0000000124fe13dd
0x000070001118d980:   0000000702610868 00007f96dd953800
0x000070001118d990:   000070001118d901 00007f96dc2630a0
0x000070001118d9a0:   000070001118db00 00007f96dd953800
0x000070001118d9b0:   00000008003d43e0 0000000000000000
0x000070001118d9c0:   000070001118dab0 000000011db5011c
0x000070001118d9d0:   000070001118da20 00000001250454db
0x000070001118d9e0:   00000007026022b0 0000000125047d59
0x000070001118d9f0:   00000007026022b0 000070001118d9f8
0x000070001118da00:   000000011c51a61c 000070001118da50
0x000070001118da10:   000000011c51a6a8 0000000000000000
0x000070001118da20:   0000000702610868 000000011d4ecfb3
0x000070001118da30:   000070001118dab0 000000011d4ecfb3
0x000070001118da40:   0000000000000064 000000011d4ecfb3
0x000070001118da50:   0000000702610868 0000000000000001
0x000070001118da60:   00000007026022b0 000070001118da58
0x000070001118da70:   000000011c2d27d1 000070001118dad8
0x000070001118da80:   000000011c2d32c0 0000000000000000
0x000070001118da90:   00000007026022d0 000000011c2d2910
0x000070001118daa0:   000070001118da50 000070001118dad8
0x000070001118dab0:   000070001118db28 000000011d4ecff8
0x000070001118dac0:   0000000000000000 0000000000000000
0x000070001118dad0:   0000000000000000 00000007026022b0 

Instructions: (pc=0x000000011c8d4891)
0x000000011c8d4791:   59 05 00 ff 15 ae 8d 04 00 c7 43 40 00 00 00 00
0x000000011c8d47a1:   31 db 4d 85 ff 74 08 4c 89 ff e8 94 db 02 00 84
0x000000011c8d47b1:   db 75 0b 48 83 c4 08 5b 41 5e 41 5f 5d c3 e8 cc
0x000000011c8d47c1:   dd 02 00 0f 0b 49 89 c6 eb 4c 48 89 c3 83 fa 02
0x000000011c8d47d1:   75 31 48 89 df e8 a3 dd 02 00 48 8b 3d 56 63 05
0x000000011c8d47e1:   00 48 8b 35 37 48 05 00 4c 89 f2 48 89 c1 ff 15
0x000000011c8d47f1:   53 8d 04 00 e8 8a dd 02 00 eb a5 48 89 c3 e8 80
0x000000011c8d4801:   dd 02 00 48 89 df e8 72 dd 02 00 b3 01 eb 93 49
0x000000011c8d4811:   89 c6 84 db 74 05 e8 68 dd 02 00 4c 89 f7 e8 70
0x000000011c8d4821:   dc 02 00 0f 0b e8 a7 dd 02 00 55 48 89 e5 53 50
0x000000011c8d4831:   48 85 ff 74 0f 48 8b 47 38 48 85 c0 74 0f 48 8b
0x000000011c8d4841:   58 20 eb 23 48 8d 15 7e fb 03 00 eb 07 48 8d 15
0x000000011c8d4851:   9d fb 03 00 31 db bf 01 00 00 00 be 01 00 00 00
0x000000011c8d4861:   31 c0 e8 46 da 02 00 48 89 d8 48 83 c4 08 5b 5d
0x000000011c8d4871:   c3 55 48 89 e5 41 57 41 56 41 55 41 54 53 50 49
0x000000011c8d4881:   89 ff 48 85 f6 74 57 4c 8b 6e 10 4d 85 ed 74 57
0x000000011c8d4891:   49 8b 5d 00 31 c0 e8 a2 da 02 00 49 89 c6 48 8b
0x000000011c8d48a1:   3b 48 8b 35 1f 59 05 00 ff 15 99 8c 04 00 48 85
0x000000011c8d48b1:   c0 74 51 48 8b 3d a5 64 05 00 48 8b 35 0e 59 05
0x000000011c8d48c1:   00 ff 15 80 8c 04 00 48 8b 3b 48 39 f8 74 59 48
0x000000011c8d48d1:   8b 35 61 58 05 00 ff 15 6b 8c 04 00 eb 4a 48 8d
0x000000011c8d48e1:   15 38 fb 03 00 eb 07 48 8d 15 60 fb 03 00 45 31
0x000000011c8d48f1:   ed bf 01 00 00 00 be 01 00 00 00 31 c0 e8 ab d9
0x000000011c8d4901:   02 00 eb 6f 31 c0 e8 c8 4a 02 00 48 85 c0 74 09
0x000000011c8d4911:   48 8d 05 f0 db 05 00 ff 10 4c 89 ff 4c 89 ee e8
0x000000011c8d4921:   db 00 00 00 84 c0 74 25 41 f6 45 08 0c 74 17 48
0x000000011c8d4931:   8d 05 c9 da 05 00 45 31 e4 bf 40 8d 00 00 31 f6
0x000000011c8d4941:   ff 10 31 db eb 0c 45 31 e4 31 db eb 05 b3 01 45
0x000000011c8d4951:   31 e4 4d 85 f6 74 08 4c 89 f7 e8 e4 d9 02 00 45
0x000000011c8d4961:   84 e4 75 21 80 cb 02 80 e3 03 b0 02 38 c3 74 03
0x000000011c8d4971:   45 31 ed 4c 89 e8 48 83 c4 08 5b 41 5c 41 5d 41
0x000000011c8d4981:   5e 41 5f 5d c3 e8 05 dc 02 00 0f 0b 48 89 c3 eb 


Stack slot to memory mapping:
stack at sp + 0 slots: 0x0 is NULL
stack at sp + 1 slots: 0x00007f96dae80830 points into unknown readable memory: 00 00 00 00 00 00 00 d0
stack at sp + 2 slots: 0x00007f96dd8ffc10 points into unknown readable memory: 5a 00 00 00 49 00 00 00
stack at sp + 3 slots: 0x00007f96dd8ffc20 points into unknown readable memory: 10 dc b1 df 96 7f 00 00
stack at sp + 4 slots: 0x000000011c8f90dc: Java_sun_java2d_opengl_OGLRenderQueue_flushBuffer+0xbb8 in /Library/Java/JavaVirtualMachines/jdk-13.0.1.jdk/Contents/Home/lib/libawt_lwawt.dylib at 0x000000011c8b9000
stack at sp + 5 slots: 0x00007f96dd953b10 points into unknown readable memory: e0 1d b5 0f 01 00 00 00
stack at sp + 6 slots: 0x000070001118d970 is pointing into the stack for thread: 0x00007f96dd953800
stack at sp + 7 slots: 0x000000011c8f8e6d: Java_sun_java2d_opengl_OGLRenderQueue_flushBuffer+0x949 in /Library/Java/JavaVirtualMachines/jdk-13.0.1.jdk/Contents/Home/lib/libawt_lwawt.dylib at 0x000000011c8b9000


---------------  P R O C E S S  ---------------

Threads class SMR info:
_java_thread_list=0x00007f96e418c640, length=17, elements={
0x00007f96dd814800, 0x00007f96dd812000, 0x00007f96dc816000, 0x00007f96dd00e000,
0x00007f96de023000, 0x00007f96de023800, 0x00007f96dd817800, 0x00007f96de00f000,
0x00007f96dc853800, 0x00007f96dc859000, 0x00007f96db180800, 0x00007f96dd953800,
0x00007f96dc889800, 0x00007f96dd0cd800, 0x00007f96dd9c6000, 0x00007f96dc809800,
0x00007f96db262000
}

Java Threads: ( => current thread )
  0x00007f96dd814800 JavaThread "Reference Handler" daemon [_thread_blocked, id=13571, stack(0x000070000ff49000,0x0000700010049000)]
  0x00007f96dd812000 JavaThread "Finalizer" daemon [_thread_blocked, id=14083, stack(0x000070001004c000,0x000070001014c000)]
  0x00007f96dc816000 JavaThread "Signal Dispatcher" daemon [_thread_blocked, id=21763, stack(0x0000700010255000,0x0000700010355000)]
  0x00007f96dd00e000 JavaThread "C2 CompilerThread0" daemon [_thread_blocked, id=22531, stack(0x0000700010358000,0x0000700010458000)]
  0x00007f96de023000 JavaThread "C1 CompilerThread0" daemon [_thread_blocked, id=43267, stack(0x000070001045b000,0x000070001055b000)]
  0x00007f96de023800 JavaThread "Sweeper thread" daemon [_thread_blocked, id=43011, stack(0x000070001055e000,0x000070001065e000)]
  0x00007f96dd817800 JavaThread "Common-Cleaner" daemon [_thread_blocked, id=24067, stack(0x0000700010661000,0x0000700010761000)]
  0x00007f96de00f000 JavaThread "Monitor Ctrl-Break" daemon [_thread_in_native, id=41987, stack(0x0000700010764000,0x0000700010864000)]
  0x00007f96dc853800 JavaThread "Service Thread" daemon [_thread_blocked, id=41475, stack(0x0000700010867000,0x0000700010967000)]
  0x00007f96dc859000 JavaThread "AppKit Thread" daemon [_thread_in_native, id=775, stack(0x00007ffee1af0000,0x00007ffee22f0000)]
  0x00007f96db180800 JavaThread "AWT-Shutdown" [_thread_blocked, id=34051, stack(0x0000700010a6d000,0x0000700010b6d000)]
=>0x00007f96dd953800 JavaThread "Java2D Queue Flusher" daemon [_thread_in_native, id=55303, stack(0x000070001108e000,0x000070001118e000)]
  0x00007f96dc889800 JavaThread "Java2D Disposer" daemon [_thread_blocked, id=58627, stack(0x0000700011191000,0x0000700011291000)]
  0x00007f96dd0cd800 JavaThread "AWT-EventQueue-0" [_thread_in_native, id=59907, stack(0x0000700011294000,0x0000700011394000)]
  0x00007f96dd9c6000 JavaThread "Attach Listener" daemon [_thread_blocked, id=63307, stack(0x0000700011397000,0x0000700011497000)]
  0x00007f96dc809800 JavaThread "DestroyJavaVM" [_thread_blocked, id=10243, stack(0x000070000f834000,0x000070000f934000)]
  0x00007f96db262000 JavaThread "TimerQueue" daemon [_thread_blocked, id=89891, stack(0x000070001149a000,0x000070001159a000)]

Other Threads:
  0x00007f96de021000 VMThread "VM Thread" [stack: 0x000070000fe46000,0x000070000ff46000] [id=18179]
  0x00007f96de03e800 WatcherThread [stack: 0x000070001096a000,0x0000700010a6a000] [id=41219]
  0x00007f96db033000 GCTaskThread "GC Thread#0" [stack: 0x000070000f937000,0x000070000fa37000] [id=20483]
  0x00007f96dc9a3800 GCTaskThread "GC Thread#1" [stack: 0x0000700010c76000,0x0000700010d76000] [id=91955]
  0x00007f96dd0c3800 GCTaskThread "GC Thread#2" [stack: 0x0000700010d79000,0x0000700010e79000] [id=130063]
  0x00007f96dd258000 GCTaskThread "GC Thread#3" [stack: 0x0000700010e7c000,0x0000700010f7c000] [id=88331]
  0x00007f96de641800 GCTaskThread "GC Thread#4" [stack: 0x000070001159d000,0x000070001169d000] [id=81939]
  0x00007f96de642800 GCTaskThread "GC Thread#5" [stack: 0x00007000116a0000,0x00007000117a0000] [id=127023]
  0x00007f96db044000 ConcurrentGCThread "G1 Main Marker" [stack: 0x000070000fa3a000,0x000070000fb3a000] [id=19971]
  0x00007f96db044800 ConcurrentGCThread "G1 Conc#0" [stack: 0x000070000fb3d000,0x000070000fc3d000] [id=19459]
  0x00007f96db1b1800 ConcurrentGCThread "G1 Conc#1" [stack: 0x0000700010b70000,0x0000700010c70000] [id=91723]
  0x00007f96dc998000 ConcurrentGCThread "G1 Conc#2" [stack: 0x00007000117a3000,0x00007000118a3000] [id=129815]
  0x00007f96db0ed800 ConcurrentGCThread "G1 Refine#0" [stack: 0x000070000fc40000,0x000070000fd40000] [id=12035]
  0x00007f96db80a800 ConcurrentGCThread "G1 Young RemSet Sampling" [stack: 0x000070000fd43000,0x000070000fe43000] [id=19203]

Threads with active compile tasks:

VM state:not at safepoint (normal execution)

VM Mutex/Monitor currently owned by a thread: None

Heap address: 0x0000000700000000, size: 4096 MB, Compressed Oops mode: Zero based, Oop shift amount: 3
Narrow klass base: 0x0000000800000000, Narrow klass shift: 3
Compressed class space size: 1073741824 Address: 0x0000000800ae0000

Heap:
 garbage-first heap   total 130048K, used 59143K [0x0000000700000000, 0x0000000800000000)
  region size 1024K, 3 young (3072K), 2 survivors (2048K)
 Metaspace       used 13247K, capacity 13613K, committed 13824K, reserved 1060864K
  class space    used 1572K, capacity 1741K, committed 1792K, reserved 1048576K
Heap Regions: E=young(eden), S=young(survivor), O=old, HS=humongous(starts), HC=humongous(continues), CS=collection set, F=free, A=archive, TAMS=top-at-mark-start (previous, next)
|   0|0x0000000700000000, 0x0000000700100000, 0x0000000700100000|100%|HS|  |TAMS 0x0000000700100000, 0x0000000700000000| Complete 
|   1|0x0000000700100000, 0x0000000700200000, 0x0000000700200000|100%|HC|  |TAMS 0x0000000700200000, 0x0000000700100000| Complete 
|   2|0x0000000700200000, 0x0000000700300000, 0x0000000700300000|100%|HC|  |TAMS 0x0000000700300000, 0x0000000700200000| Complete 
|   3|0x0000000700300000, 0x0000000700400000, 0x0000000700400000|100%|HC|  |TAMS 0x0000000700400000, 0x0000000700300000| Complete 
|   4|0x0000000700400000, 0x0000000700500000, 0x0000000700500000|100%|HC|  |TAMS 0x0000000700500000, 0x0000000700400000| Complete 
|   5|0x0000000700500000, 0x0000000700600000, 0x0000000700600000|100%|HC|  |TAMS 0x0000000700600000, 0x0000000700500000| Complete 
|   6|0x0000000700600000, 0x0000000700700000, 0x0000000700700000|100%|HC|  |TAMS 0x0000000700700000, 0x0000000700600000| Complete 
|   7|0x0000000700700000, 0x0000000700800000, 0x0000000700800000|100%|HC|  |TAMS 0x0000000700800000, 0x0000000700700000| Complete 
|   8|0x0000000700800000, 0x0000000700900000, 0x0000000700900000|100%|HC|  |TAMS 0x0000000700900000, 0x0000000700800000| Complete 
|   9|0x0000000700900000, 0x0000000700a00000, 0x0000000700a00000|100%|HC|  |TAMS 0x0000000700a00000, 0x0000000700900000| Complete 
|  10|0x0000000700a00000, 0x0000000700b00000, 0x0000000700b00000|100%|HC|  |TAMS 0x0000000700b00000, 0x0000000700a00000| Complete 
|  11|0x0000000700b00000, 0x0000000700c00000, 0x0000000700c00000|100%|HC|  |TAMS 0x0000000700c00000, 0x0000000700b00000| Complete 
|  12|0x0000000700c00000, 0x0000000700d00000, 0x0000000700d00000|100%|HC|  |TAMS 0x0000000700d00000, 0x0000000700c00000| Complete 
|  13|0x0000000700d00000, 0x0000000700e00000, 0x0000000700e00000|100%|HS|  |TAMS 0x0000000700e00000, 0x0000000700d00000| Complete 
|  14|0x0000000700e00000, 0x0000000700f00000, 0x0000000700f00000|100%|HC|  |TAMS 0x0000000700f00000, 0x0000000700e00000| Complete 
|  15|0x0000000700f00000, 0x0000000701000000, 0x0000000701000000|100%|HC|  |TAMS 0x0000000701000000, 0x0000000700f00000| Complete 
|  16|0x0000000701000000, 0x0000000701100000, 0x0000000701100000|100%|HC|  |TAMS 0x0000000701100000, 0x0000000701000000| Complete 
|  17|0x0000000701100000, 0x0000000701200000, 0x0000000701200000|100%|HC|  |TAMS 0x0000000701200000, 0x0000000701100000| Complete 
|  18|0x0000000701200000, 0x0000000701300000, 0x0000000701300000|100%|HC|  |TAMS 0x0000000701300000, 0x0000000701200000| Complete 
|  19|0x0000000701300000, 0x0000000701400000, 0x0000000701400000|100%|HC|  |TAMS 0x0000000701400000, 0x0000000701300000| Complete 
|  20|0x0000000701400000, 0x0000000701500000, 0x0000000701500000|100%|HC|  |TAMS 0x0000000701500000, 0x0000000701400000| Complete 
|  21|0x0000000701500000, 0x0000000701600000, 0x0000000701600000|100%|HC|  |TAMS 0x0000000701600000, 0x0000000701500000| Complete 
|  22|0x0000000701600000, 0x0000000701700000, 0x0000000701700000|100%|HC|  |TAMS 0x0000000701700000, 0x0000000701600000| Complete 
|  23|0x0000000701700000, 0x0000000701800000, 0x0000000701800000|100%|HC|  |TAMS 0x0000000701800000, 0x0000000701700000| Complete 
|  24|0x0000000701800000, 0x0000000701900000, 0x0000000701900000|100%|HC|  |TAMS 0x0000000701900000, 0x0000000701800000| Complete 
|  25|0x0000000701900000, 0x0000000701a00000, 0x0000000701a00000|100%|HS|  |TAMS 0x0000000701a00000, 0x0000000701900000| Complete 
|  26|0x0000000701a00000, 0x0000000701b00000, 0x0000000701b00000|100%|HC|  |TAMS 0x0000000701b00000, 0x0000000701a00000| Complete 
|  27|0x0000000701b00000, 0x0000000701c00000, 0x0000000701c00000|100%|HC|  |TAMS 0x0000000701c00000, 0x0000000701b00000| Complete 
|  28|0x0000000701c00000, 0x0000000701d00000, 0x0000000701d00000|100%|HC|  |TAMS 0x0000000701d00000, 0x0000000701c00000| Complete 
|  29|0x0000000701d00000, 0x0000000701e00000, 0x0000000701e00000|100%|HC|  |TAMS 0x0000000701e00000, 0x0000000701d00000| Complete 
|  30|0x0000000701e00000, 0x0000000701f00000, 0x0000000701f00000|100%|HC|  |TAMS 0x0000000701f00000, 0x0000000701e00000| Complete 
|  31|0x0000000701f00000, 0x0000000702000000, 0x0000000702000000|100%|HC|  |TAMS 0x0000000702000000, 0x0000000701f00000| Complete 
|  32|0x0000000702000000, 0x0000000702100000, 0x0000000702100000|100%|HC|  |TAMS 0x0000000702100000, 0x0000000702000000| Complete 
|  33|0x0000000702100000, 0x0000000702200000, 0x0000000702200000|100%|HC|  |TAMS 0x0000000702200000, 0x0000000702100000| Complete 
|  34|0x0000000702200000, 0x0000000702300000, 0x0000000702300000|100%|HC|  |TAMS 0x0000000702300000, 0x0000000702200000| Complete 
|  35|0x0000000702300000, 0x0000000702400000, 0x0000000702400000|100%|HC|  |TAMS 0x0000000702400000, 0x0000000702300000| Complete 
|  36|0x0000000702400000, 0x0000000702500000, 0x0000000702500000|100%|HC|  |TAMS 0x0000000702500000, 0x0000000702400000| Complete 
|  37|0x0000000702500000, 0x0000000702500000, 0x0000000702600000|  0%| F|  |TAMS 0x0000000702500000, 0x0000000702500000| Untracked 
|  38|0x0000000702600000, 0x0000000702700000, 0x0000000702700000|100%| O|  |TAMS 0x0000000702700000, 0x0000000702600000| Untracked 
|  39|0x0000000702700000, 0x0000000702800000, 0x0000000702800000|100%| O|  |TAMS 0x0000000702800000, 0x0000000702700000| Untracked 
|  40|0x0000000702800000, 0x00000007028fde00, 0x0000000702900000| 99%| O|  |TAMS 0x00000007028fde00, 0x0000000702800000| Untracked 
|  41|0x0000000702900000, 0x0000000702a00000, 0x0000000702a00000|100%|HS|  |TAMS 0x0000000702900000, 0x0000000702900000| Complete 
|  42|0x0000000702a00000, 0x0000000702b00000, 0x0000000702b00000|100%|HC|  |TAMS 0x0000000702a00000, 0x0000000702a00000| Complete 
|  43|0x0000000702b00000, 0x0000000702c00000, 0x0000000702c00000|100%|HC|  |TAMS 0x0000000702b00000, 0x0000000702b00000| Complete 
|  44|0x0000000702c00000, 0x0000000702d00000, 0x0000000702d00000|100%|HC|  |TAMS 0x0000000702c00000, 0x0000000702c00000| Complete 
|  45|0x0000000702d00000, 0x0000000702e00000, 0x0000000702e00000|100%|HC|  |TAMS 0x0000000702d00000, 0x0000000702d00000| Complete 
|  46|0x0000000702e00000, 0x0000000702f00000, 0x0000000702f00000|100%|HC|  |TAMS 0x0000000702e00000, 0x0000000702e00000| Complete 
|  47|0x0000000702f00000, 0x0000000703000000, 0x0000000703000000|100%|HC|  |TAMS 0x0000000702f00000, 0x0000000702f00000| Complete 
|  48|0x0000000703000000, 0x0000000703100000, 0x0000000703100000|100%|HC|  |TAMS 0x0000000703000000, 0x0000000703000000| Complete 
|  49|0x0000000703100000, 0x0000000703200000, 0x0000000703200000|100%|HC|  |TAMS 0x0000000703100000, 0x0000000703100000| Complete 
|  50|0x0000000703200000, 0x0000000703300000, 0x0000000703300000|100%|HC|  |TAMS 0x0000000703200000, 0x0000000703200000| Complete 
|  51|0x0000000703300000, 0x0000000703400000, 0x0000000703400000|100%|HC|  |TAMS 0x0000000703300000, 0x0000000703300000| Complete 
|  52|0x0000000703400000, 0x0000000703500000, 0x0000000703500000|100%|HC|  |TAMS 0x0000000703400000, 0x0000000703400000| Complete 
|  53|0x0000000703500000, 0x0000000703500000, 0x0000000703600000|  0%| F|  |TAMS 0x0000000703500000, 0x0000000703500000| Untracked 
|  54|0x0000000703600000, 0x0000000703600000, 0x0000000703700000|  0%| F|  |TAMS 0x0000000703600000, 0x0000000703600000| Untracked 
|  55|0x0000000703700000, 0x0000000703700000, 0x0000000703800000|  0%| F|  |TAMS 0x0000000703700000, 0x0000000703700000| Untracked 
|  56|0x0000000703800000, 0x0000000703800000, 0x0000000703900000|  0%| F|  |TAMS 0x0000000703800000, 0x0000000703800000| Untracked 
|  57|0x0000000703900000, 0x0000000703900000, 0x0000000703a00000|  0%| F|  |TAMS 0x0000000703900000, 0x0000000703900000| Untracked 
|  58|0x0000000703a00000, 0x0000000703a00000, 0x0000000703b00000|  0%| F|  |TAMS 0x0000000703a00000, 0x0000000703a00000| Untracked 
|  59|0x0000000703b00000, 0x0000000703b00000, 0x0000000703c00000|  0%| F|  |TAMS 0x0000000703b00000, 0x0000000703b00000| Untracked 
|  60|0x0000000703c00000, 0x0000000703c00000, 0x0000000703d00000|  0%| F|  |TAMS 0x0000000703c00000, 0x0000000703c00000| Untracked 
|  61|0x0000000703d00000, 0x0000000703d00000, 0x0000000703e00000|  0%| F|  |TAMS 0x0000000703d00000, 0x0000000703d00000| Untracked 
|  62|0x0000000703e00000, 0x0000000703e00000, 0x0000000703f00000|  0%| F|  |TAMS 0x0000000703e00000, 0x0000000703e00000| Untracked 
|  63|0x0000000703f00000, 0x0000000703f00000, 0x0000000704000000|  0%| F|  |TAMS 0x0000000703f00000, 0x0000000703f00000| Untracked 
|  64|0x0000000704000000, 0x0000000704000000, 0x0000000704100000|  0%| F|  |TAMS 0x0000000704000000, 0x0000000704000000| Untracked 
|  65|0x0000000704100000, 0x0000000704100000, 0x0000000704200000|  0%| F|  |TAMS 0x0000000704100000, 0x0000000704100000| Untracked 
|  66|0x0000000704200000, 0x0000000704200000, 0x0000000704300000|  0%| F|  |TAMS 0x0000000704200000, 0x0000000704200000| Untracked 
|  67|0x0000000704300000, 0x0000000704300000, 0x0000000704400000|  0%| F|  |TAMS 0x0000000704300000, 0x0000000704300000| Untracked 
|  68|0x0000000704400000, 0x0000000704400000, 0x0000000704500000|  0%| F|  |TAMS 0x0000000704400000, 0x0000000704400000| Untracked 
|  69|0x0000000704500000, 0x0000000704500000, 0x0000000704600000|  0%| F|  |TAMS 0x0000000704500000, 0x0000000704500000| Untracked 
|  70|0x0000000704600000, 0x0000000704600000, 0x0000000704700000|  0%| F|  |TAMS 0x0000000704600000, 0x0000000704600000| Untracked 
|  71|0x0000000704700000, 0x0000000704700000, 0x0000000704800000|  0%| F|  |TAMS 0x0000000704700000, 0x0000000704700000| Untracked 
|  72|0x0000000704800000, 0x0000000704800000, 0x0000000704900000|  0%| F|  |TAMS 0x0000000704800000, 0x0000000704800000| Untracked 
|  73|0x0000000704900000, 0x0000000704900000, 0x0000000704a00000|  0%| F|  |TAMS 0x0000000704900000, 0x0000000704900000| Untracked 
|  74|0x0000000704a00000, 0x0000000704a00000, 0x0000000704b00000|  0%| F|  |TAMS 0x0000000704a00000, 0x0000000704a00000| Untracked 
|  75|0x0000000704b00000, 0x0000000704b00000, 0x0000000704c00000|  0%| F|  |TAMS 0x0000000704b00000, 0x0000000704b00000| Untracked 
|  76|0x0000000704c00000, 0x0000000704c00000, 0x0000000704d00000|  0%| F|  |TAMS 0x0000000704c00000, 0x0000000704c00000| Untracked 
|  77|0x0000000704d00000, 0x0000000704d00000, 0x0000000704e00000|  0%| F|  |TAMS 0x0000000704d00000, 0x0000000704d00000| Untracked 
|  78|0x0000000704e00000, 0x0000000704e00000, 0x0000000704f00000|  0%| F|  |TAMS 0x0000000704e00000, 0x0000000704e00000| Untracked 
|  79|0x0000000704f00000, 0x0000000704f00000, 0x0000000705000000|  0%| F|  |TAMS 0x0000000704f00000, 0x0000000704f00000| Untracked 
|  80|0x0000000705000000, 0x0000000705000000, 0x0000000705100000|  0%| F|  |TAMS 0x0000000705000000, 0x0000000705000000| Untracked 
|  81|0x0000000705100000, 0x0000000705100000, 0x0000000705200000|  0%| F|  |TAMS 0x0000000705100000, 0x0000000705100000| Untracked 
|  82|0x0000000705200000, 0x0000000705200000, 0x0000000705300000|  0%| F|  |TAMS 0x0000000705200000, 0x0000000705200000| Untracked 
|  83|0x0000000705300000, 0x0000000705300000, 0x0000000705400000|  0%| F|  |TAMS 0x0000000705300000, 0x0000000705300000| Untracked 
|  84|0x0000000705400000, 0x0000000705400000, 0x0000000705500000|  0%| F|  |TAMS 0x0000000705400000, 0x0000000705400000| Untracked 
|  85|0x0000000705500000, 0x0000000705500000, 0x0000000705600000|  0%| F|  |TAMS 0x0000000705500000, 0x0000000705500000| Untracked 
|  86|0x0000000705600000, 0x0000000705600000, 0x0000000705700000|  0%| F|  |TAMS 0x0000000705600000, 0x0000000705600000| Untracked 
|  87|0x0000000705700000, 0x0000000705700000, 0x0000000705800000|  0%| F|  |TAMS 0x0000000705700000, 0x0000000705700000| Untracked 
|  88|0x0000000705800000, 0x0000000705800000, 0x0000000705900000|  0%| F|  |TAMS 0x0000000705800000, 0x0000000705800000| Untracked 
|  89|0x0000000705900000, 0x0000000705900000, 0x0000000705a00000|  0%| F|  |TAMS 0x0000000705900000, 0x0000000705900000| Untracked 
|  90|0x0000000705a00000, 0x0000000705a00000, 0x0000000705b00000|  0%| F|  |TAMS 0x0000000705a00000, 0x0000000705a00000| Untracked 
|  91|0x0000000705b00000, 0x0000000705b00000, 0x0000000705c00000|  0%| F|  |TAMS 0x0000000705b00000, 0x0000000705b00000| Untracked 
|  92|0x0000000705c00000, 0x0000000705c00000, 0x0000000705d00000|  0%| F|  |TAMS 0x0000000705c00000, 0x0000000705c00000| Untracked 
|  93|0x0000000705d00000, 0x0000000705d00000, 0x0000000705e00000|  0%| F|  |TAMS 0x0000000705d00000, 0x0000000705d00000| Untracked 
|  94|0x0000000705e00000, 0x0000000705e00000, 0x0000000705f00000|  0%| F|  |TAMS 0x0000000705e00000, 0x0000000705e00000| Untracked 
|  95|0x0000000705f00000, 0x0000000705f00000, 0x0000000706000000|  0%| F|  |TAMS 0x0000000705f00000, 0x0000000705f00000| Untracked 
|  96|0x0000000706000000, 0x0000000706100000, 0x0000000706100000|100%| O|  |TAMS 0x0000000706100000, 0x0000000706000000| Untracked 
|  97|0x0000000706100000, 0x0000000706200000, 0x0000000706200000|100%| O|  |TAMS 0x0000000706200000, 0x0000000706100000| Untracked 
|  98|0x0000000706200000, 0x0000000706300000, 0x0000000706300000|100%| O|  |TAMS 0x0000000706300000, 0x0000000706200000| Untracked 
|  99|0x0000000706300000, 0x000000070635a200, 0x0000000706400000| 35%| O|  |TAMS 0x000000070635a200, 0x0000000706300000| Untracked 
| 100|0x0000000706400000, 0x0000000706400000, 0x0000000706500000|  0%| F|  |TAMS 0x0000000706400000, 0x0000000706400000| Untracked 
| 101|0x0000000706500000, 0x0000000706500000, 0x0000000706600000|  0%| F|  |TAMS 0x0000000706500000, 0x0000000706500000| Untracked 
| 102|0x0000000706600000, 0x0000000706600000, 0x0000000706700000|  0%| F|  |TAMS 0x0000000706600000, 0x0000000706600000| Untracked 
| 103|0x0000000706700000, 0x0000000706700000, 0x0000000706800000|  0%| F|  |TAMS 0x0000000706700000, 0x0000000706700000| Untracked 
| 104|0x0000000706800000, 0x0000000706800000, 0x0000000706900000|  0%| F|  |TAMS 0x0000000706800000, 0x0000000706800000| Untracked 
| 105|0x0000000706900000, 0x0000000706900000, 0x0000000706a00000|  0%| F|  |TAMS 0x0000000706900000, 0x0000000706900000| Untracked 
| 106|0x0000000706a00000, 0x0000000706a00000, 0x0000000706b00000|  0%| F|  |TAMS 0x0000000706a00000, 0x0000000706a00000| Untracked 
| 107|0x0000000706b00000, 0x0000000706b00000, 0x0000000706c00000|  0%| F|  |TAMS 0x0000000706b00000, 0x0000000706b00000| Untracked 
| 108|0x0000000706c00000, 0x0000000706c00000, 0x0000000706d00000|  0%| F|  |TAMS 0x0000000706c00000, 0x0000000706c00000| Untracked 
| 109|0x0000000706d00000, 0x0000000706d00000, 0x0000000706e00000|  0%| F|  |TAMS 0x0000000706d00000, 0x0000000706d00000| Untracked 
| 110|0x0000000706e00000, 0x0000000706e00000, 0x0000000706f00000|  0%| F|  |TAMS 0x0000000706e00000, 0x0000000706e00000| Untracked 
| 111|0x0000000706f00000, 0x0000000706f00000, 0x0000000707000000|  0%| F|  |TAMS 0x0000000706f00000, 0x0000000706f00000| Untracked 
| 112|0x0000000707000000, 0x0000000707000000, 0x0000000707100000|  0%| F|  |TAMS 0x0000000707000000, 0x0000000707000000| Untracked 
| 113|0x0000000707100000, 0x0000000707100000, 0x0000000707200000|  0%| F|  |TAMS 0x0000000707100000, 0x0000000707100000| Untracked 
| 114|0x0000000707200000, 0x0000000707200000, 0x0000000707300000|  0%| F|  |TAMS 0x0000000707200000, 0x0000000707200000| Untracked 
| 115|0x0000000707300000, 0x0000000707300000, 0x0000000707400000|  0%| F|  |TAMS 0x0000000707300000, 0x0000000707300000| Untracked 
| 116|0x0000000707400000, 0x00000007074abee8, 0x0000000707500000| 67%| S|CS|TAMS 0x0000000707400000, 0x0000000707400000| Complete 
| 117|0x0000000707500000, 0x0000000707600000, 0x0000000707600000|100%| S|CS|TAMS 0x0000000707500000, 0x0000000707500000| Complete 
| 246|0x000000070f600000, 0x000000070f600000, 0x000000070f700000|  0%| F|  |TAMS 0x000000070f600000, 0x000000070f600000| Untracked 
| 247|0x000000070f700000, 0x000000070f700000, 0x000000070f800000|  0%| F|  |TAMS 0x000000070f700000, 0x000000070f700000| Untracked 
| 248|0x000000070f800000, 0x000000070f800000, 0x000000070f900000|  0%| F|  |TAMS 0x000000070f800000, 0x000000070f800000| Untracked 
| 249|0x000000070f900000, 0x000000070f900000, 0x000000070fa00000|  0%| F|  |TAMS 0x000000070f900000, 0x000000070f900000| Untracked 
| 250|0x000000070fa00000, 0x000000070fa00000, 0x000000070fb00000|  0%| F|  |TAMS 0x000000070fa00000, 0x000000070fa00000| Untracked 
| 251|0x000000070fb00000, 0x000000070fb00000, 0x000000070fc00000|  0%| F|  |TAMS 0x000000070fb00000, 0x000000070fb00000| Untracked 
| 255|0x000000070ff00000, 0x000000070ff80000, 0x0000000710000000| 50%| E|  |TAMS 0x000000070ff00000, 0x000000070ff00000| Complete 
|3070|0x00000007bfe00000, 0x00000007bfe47000, 0x00000007bff00000| 27%|OA|  |TAMS 0x00000007bfe47000, 0x00000007bfe00000| Untracked 
|3071|0x00000007bff00000, 0x00000007bff77000, 0x00000007c0000000| 46%|CA|  |TAMS 0x00000007bff77000, 0x00000007bff00000| Untracked 

Card table byte_map: [0x0000000118e9e000,0x000000011969e000] _byte_map_base: 0x000000011569e000

Marking Bits (Prev, Next): (CMBitMap*) 0x00007f96db008e18, (CMBitMap*) 0x00007f96db008e58
 Prev Bits: [0x000000012c4e3000, 0x00000001304e3000)
 Next Bits: [0x00000001304e3000, 0x00000001344e3000)

Polling page: 0x000000010d973000

Metaspace:

Usage:
  Non-class:     11.59 MB capacity,    11.40 MB ( 98%) used,   164.22 KB (  1%) free+waste,    31.19 KB ( <1%) overhead. 
      Class:      1.70 MB capacity,     1.54 MB ( 90%) used,   150.04 KB (  9%) free+waste,    18.44 KB (  1%) overhead. 
       Both:     13.29 MB capacity,    12.94 MB ( 97%) used,   314.26 KB (  2%) free+waste,    49.62 KB ( <1%) overhead. 

Virtual space:
  Non-class space:       12.00 MB reserved,      11.75 MB ( 98%) committed 
      Class space:        1.00 GB reserved,       1.75 MB ( <1%) committed 
             Both:        1.01 GB reserved,      13.50 MB (  1%) committed 

Chunk freelists:
   Non-Class:  80.00 KB
       Class:  19.00 KB
        Both:  99.00 KB

MaxMetaspaceSize: unlimited
CompressedClassSpaceSize: 1.00 GB

CodeHeap 'non-profiled nmethods': size=120032Kb used=768Kb max_used=768Kb free=119264Kb
 bounds [0x0000000124fab000, 0x000000012521b000, 0x000000012c4e3000]
CodeHeap 'profiled nmethods': size=120028Kb used=4097Kb max_used=4097Kb free=115930Kb
 bounds [0x000000011da74000, 0x000000011de84000, 0x0000000124fab000]
CodeHeap 'non-nmethods': size=5700Kb used=1377Kb max_used=1416Kb free=4322Kb
 bounds [0x000000011d4e3000, 0x000000011d753000, 0x000000011da74000]
 total_blobs=3123 nmethods=2010 adapters=598
 compilation: enabled
              stopped_count=0, restarted_count=0
 full_count=0

Compilation events (20 events):
Event: 245.605 Thread 0x00007f96dd00e000 2050       4       java.awt.Rectangle::getWidth (6 bytes)
Event: 245.606 Thread 0x00007f96dd00e000 nmethod 2050 0x000000012506a410 code [0x000000012506a580, 0x000000012506a5f8]
Event: 245.606 Thread 0x00007f96dd00e000 2051       4       java.awt.Rectangle::getHeight (6 bytes)
Event: 245.606 Thread 0x00007f96dd00e000 nmethod 2051 0x000000012506a710 code [0x000000012506a880, 0x000000012506a8f8]
Event: 245.609 Thread 0x00007f96de023000 2052  s!   3       javax.swing.text.AbstractDocument::readLock (51 bytes)
Event: 245.609 Thread 0x00007f96de023000 nmethod 2052 0x000000011de71690 code [0x000000011de71880, 0x000000011de71e98]
Event: 245.609 Thread 0x00007f96de023000 2053  s    3       javax.swing.text.AbstractDocument::readUnlock (44 bytes)
Event: 245.610 Thread 0x00007f96de023000 nmethod 2053 0x000000011dac0910 code [0x000000011dac0ae0, 0x000000011dac0f98]
Event: 245.610 Thread 0x00007f96de023000 2054       3       sun.font.FontDesignMetrics::getAscent (10 bytes)
Event: 245.610 Thread 0x00007f96de023000 nmethod 2054 0x000000011de72010 code [0x000000011de721c0, 0x000000011de72370]
Event: 245.611 Thread 0x00007f96de023000 2055       3       sun.font.CFont::getMapper (24 bytes)
Event: 245.612 Thread 0x00007f96de023000 nmethod 2055 0x000000011de72410 code [0x000000011de72600, 0x000000011de72d50]
Event: 245.612 Thread 0x00007f96de023000 2056       1       javax.swing.text.JTextComponent::getMargin (5 bytes)
Event: 245.612 Thread 0x00007f96de023000 nmethod 2056 0x000000012506aa10 code [0x000000012506aba0, 0x000000012506acd0]
Event: 245.613 Thread 0x00007f96de023000 2057       3       sun.java2d.pipe.Region::isInsideQuickCheck (57 bytes)
Event: 245.614 Thread 0x00007f96de023000 nmethod 2057 0x000000011de72f10 code [0x000000011de730c0, 0x000000011de73390]
Event: 245.614 Thread 0x00007f96de023000 2058       3       sun.java2d.pipe.BufferedPaints::setPaint (125 bytes)
Event: 245.615 Thread 0x00007f96de023000 nmethod 2058 0x000000011de73490 code [0x000000011de73720, 0x000000011de744a8]
Event: 245.615 Thread 0x00007f96de023000 2059       1       sun.java2d.StateTrackableDelegate::getState (5 bytes)
Event: 245.615 Thread 0x00007f96de023000 nmethod 2059 0x000000012506ad10 code [0x000000012506aea0, 0x000000012506afd0]

GC Heap History (10 events):
Event: 41.070 GC heap before
{Heap before GC invocations=0 (full 0):
 garbage-first heap   total 264192K, used 122616K [0x0000000700000000, 0x0000000800000000)
  region size 1024K, 24 young (24576K), 0 survivors (0K)
 Metaspace       used 13052K, capacity 13389K, committed 13568K, reserved 1060864K
  class space    used 1554K, capacity 1709K, committed 1792K, reserved 1048576K
}
Event: 41.080 GC heap after
{Heap after GC invocations=1 (full 0):
 garbage-first heap   total 264192K, used 105568K [0x0000000700000000, 0x0000000800000000)
  region size 1024K, 3 young (3072K), 3 survivors (3072K)
 Metaspace       used 13052K, capacity 13389K, committed 13568K, reserved 1060864K
  class space    used 1554K, capacity 1709K, committed 1792K, reserved 1048576K
}
Event: 243.054 GC heap before
{Heap before GC invocations=1 (full 0):
 garbage-first heap   total 264192K, used 119904K [0x0000000700000000, 0x0000000800000000)
  region size 1024K, 7 young (7168K), 3 survivors (3072K)
 Metaspace       used 13167K, capacity 13549K, committed 13824K, reserved 1060864K
  class space    used 1569K, capacity 1741K, committed 1792K, reserved 1048576K
}
Event: 243.068 GC heap after
{Heap after GC invocations=2 (full 0):
 garbage-first heap   total 264192K, used 21987K [0x0000000700000000, 0x0000000800000000)
  region size 1024K, 6 young (6144K), 6 survivors (6144K)
 Metaspace       used 13167K, capacity 13549K, committed 13824K, reserved 1060864K
  class space    used 1569K, capacity 1741K, committed 1792K, reserved 1048576K
}
Event: 243.403 GC heap before
{Heap before GC invocations=3 (full 0):
 garbage-first heap   total 130048K, used 61923K [0x0000000700000000, 0x0000000800000000)
  region size 1024K, 9 young (9216K), 6 survivors (6144K)
 Metaspace       used 13203K, capacity 13549K, committed 13824K, reserved 1060864K
  class space    used 1572K, capacity 1741K, committed 1792K, reserved 1048576K
}
Event: 243.415 GC heap after
{Heap after GC invocations=4 (full 0):
 garbage-first heap   total 130048K, used 48204K [0x0000000700000000, 0x0000000800000000)
  region size 1024K, 2 young (2048K), 2 survivors (2048K)
 Metaspace       used 13203K, capacity 13549K, committed 13824K, reserved 1060864K
  class space    used 1572K, capacity 1741K, committed 1792K, reserved 1048576K
}
Event: 243.528 GC heap before
{Heap before GC invocations=5 (full 0):
 garbage-first heap   total 130048K, used 48204K [0x0000000700000000, 0x0000000800000000)
  region size 1024K, 4 young (4096K), 2 survivors (2048K)
 Metaspace       used 13220K, capacity 13613K, committed 13824K, reserved 1060864K
  class space    used 1572K, capacity 1741K, committed 1792K, reserved 1048576K
}
Event: 243.532 GC heap after
{Heap after GC invocations=6 (full 0):
 garbage-first heap   total 130048K, used 34547K [0x0000000700000000, 0x0000000800000000)
  region size 1024K, 2 young (2048K), 2 survivors (2048K)
 Metaspace       used 13220K, capacity 13613K, committed 13824K, reserved 1060864K
  class space    used 1572K, capacity 1741K, committed 1792K, reserved 1048576K
}
Event: 245.622 GC heap before
{Heap before GC invocations=7 (full 0):
 garbage-first heap   total 130048K, used 62195K [0x0000000700000000, 0x0000000800000000)
  region size 1024K, 7 young (7168K), 2 survivors (2048K)
 Metaspace       used 13247K, capacity 13613K, committed 13824K, reserved 1060864K
  class space    used 1572K, capacity 1741K, committed 1792K, reserved 1048576K
}
Event: 245.626 GC heap after
{Heap after GC invocations=8 (full 0):
 garbage-first heap   total 130048K, used 46855K [0x0000000700000000, 0x0000000800000000)
  region size 1024K, 2 young (2048K), 2 survivors (2048K)
 Metaspace       used 13247K, capacity 13613K, committed 13824K, reserved 1060864K
  class space    used 1572K, capacity 1741K, committed 1792K, reserved 1048576K
}

Deoptimization events (20 events):
Event: 41.110 Thread 0x00007f96dd0cd800 Uncommon trap: trap_request=0xffffffde fr.pc=0x000000012504fb7c relative=0x000000000000045c
Event: 41.110 Thread 0x00007f96dd0cd800 Uncommon trap: reason=class_check action=maybe_recompile pc=0x000000012504fb7c method=java.awt.EventQueue.uncacheEQItem(Lsun/awt/EventQueueItem;)V @ 33 c2
Event: 41.110 Thread 0x00007f96dd0cd800 DEOPT PACKING pc=0x000000012504fb7c sp=0x00007000113937c0
Event: 41.110 Thread 0x00007f96dd0cd800 DEOPT UNPACKING pc=0x000000011d52be25 sp=0x0000700011393700 mode 2
Event: 41.111 Thread 0x00007f96dd0cd800 Uncommon trap: trap_request=0xffffffde fr.pc=0x000000012504fb7c relative=0x000000000000045c
Event: 41.111 Thread 0x00007f96dd0cd800 Uncommon trap: reason=class_check action=maybe_recompile pc=0x000000012504fb7c method=java.awt.EventQueue.uncacheEQItem(Lsun/awt/EventQueueItem;)V @ 33 c2
Event: 41.111 Thread 0x00007f96dd0cd800 DEOPT PACKING pc=0x000000012504fb7c sp=0x00007000113937c0
Event: 41.111 Thread 0x00007f96dd0cd800 DEOPT UNPACKING pc=0x000000011d52be25 sp=0x0000700011393700 mode 2
Event: 41.111 Thread 0x00007f96dd0cd800 Uncommon trap: trap_request=0xffffffde fr.pc=0x000000012504fb7c relative=0x000000000000045c
Event: 41.111 Thread 0x00007f96dd0cd800 Uncommon trap: reason=class_check action=maybe_recompile pc=0x000000012504fb7c method=java.awt.EventQueue.uncacheEQItem(Lsun/awt/EventQueueItem;)V @ 33 c2
Event: 41.111 Thread 0x00007f96dd0cd800 DEOPT PACKING pc=0x000000012504fb7c sp=0x00007000113937c0
Event: 41.111 Thread 0x00007f96dd0cd800 DEOPT UNPACKING pc=0x000000011d52be25 sp=0x0000700011393700 mode 2
Event: 41.111 Thread 0x00007f96dd0cd800 Uncommon trap: trap_request=0xffffffde fr.pc=0x000000012504fb7c relative=0x000000000000045c
Event: 41.111 Thread 0x00007f96dd0cd800 Uncommon trap: reason=class_check action=maybe_recompile pc=0x000000012504fb7c method=java.awt.EventQueue.uncacheEQItem(Lsun/awt/EventQueueItem;)V @ 33 c2
Event: 41.111 Thread 0x00007f96dd0cd800 DEOPT PACKING pc=0x000000012504fb7c sp=0x00007000113937c0
Event: 41.111 Thread 0x00007f96dd0cd800 DEOPT UNPACKING pc=0x000000011d52be25 sp=0x0000700011393700 mode 2
Event: 41.467 Thread 0x00007f96dd0cd800 Uncommon trap: trap_request=0xffffffde fr.pc=0x0000000125041208 relative=0x00000000000052c8
Event: 41.467 Thread 0x00007f96dd0cd800 Uncommon trap: reason=class_check action=maybe_recompile pc=0x0000000125041208 method=java.awt.EventQueue.cacheEQItem(Lsun/awt/EventQueueItem;)V @ 33 c2
Event: 41.467 Thread 0x00007f96dd0cd800 DEOPT PACKING pc=0x0000000125041208 sp=0x0000700011393720
Event: 41.467 Thread 0x00007f96dd0cd800 DEOPT UNPACKING pc=0x000000011d52be25 sp=0x0000700011393570 mode 2

Classes unloaded (0 events):
No events

Classes redefined (0 events):
No events

Internal exceptions (20 events):
Event: 0.220 Thread 0x00007f96dc809800 Exception <a 'java/lang/ClassNotFoundException'{0x000000070fc7b9b0}: sun/awt/resources/spi/awtosxProvider> (0x000000070fc7b9b0) 
thrown [/scratch/mesos/slaves/fcf4c0c4-d73e-4321-860c-6613427db92b-S2452/frameworks/1735e8a2-a1db-478c-8104-60c8b0af87dd-0196/executors/ab12d1f8-defd-4a26-b83a-82b67c14bc8d/runs/ad8904cf-d9a8-428f-8f86-4d88be7b86bd/workspace/open/src/hotspot/share/classfile/systemDictionary.cpp, line 232]
Event: 0.507 Thread 0x00007f96dc809800 Exception <a 'java/lang/NoSuchMethodError'{0x000000070fc94d98}: 'void java.lang.invoke.DirectMethodHandle$Holder.invokeStaticInit(java.lang.Object)'> (0x000000070fc94d98) 
thrown [/scratch/mesos/slaves/fcf4c0c4-d73e-4321-860c-6613427db92b-S2452/frameworks/1735e8a2-a1db-478c-8104-60c8b0af87dd-0196/executors/ab12d1f8-defd-4a26-b83a-82b67c14bc8d/runs/ad8904cf-d9a8-428f-8f86-4d88be7b86bd/workspace/open/src/hotspot/share/interpreter/linkResolver.cpp, line 767]
Event: 0.519 Thread 0x00007f96dc809800 Exception <a 'java/lang/NoSuchMethodError'{0x000000070fcba518}: 'java.lang.Object java.lang.invoke.DirectMethodHandle$Holder.invokeStatic(java.lang.Object, int, java.lang.Object, java.lang.Object, java.lang.Object, java.lang.Object)'> (0x000000070fcba518) 
thrown [/scratch/mesos/slaves/fcf4c0c4-d73e-4321-860c-6613427db92b-S2452/frameworks/1735e8a2-a1db-478c-8104-60c8b0af87dd-0196/executors/ab12d1f8-defd-4a26-b83a-82b67c14bc8d/runs/ad8904cf-d9a8-428f-8f86-4d88be7b86bd/workspace/open/src/hotspot/share/interp
Event: 0.520 Thread 0x00007f96dc809800 Exception <a 'java/lang/NoSuchMethodError'{0x000000070fcc0e78}: 'java.lang.Object java.lang.invoke.DirectMethodHandle$Holder.invokeStatic(java.lang.Object, int, java.lang.Object, java.lang.Object, java.lang.Object)'> (0x000000070fcc0e78) 
thrown [/scratch/mesos/slaves/fcf4c0c4-d73e-4321-860c-6613427db92b-S2452/frameworks/1735e8a2-a1db-478c-8104-60c8b0af87dd-0196/executors/ab12d1f8-defd-4a26-b83a-82b67c14bc8d/runs/ad8904cf-d9a8-428f-8f86-4d88be7b86bd/workspace/open/src/hotspot/share/interpreter/linkResolver
Event: 0.520 Thread 0x00007f96dc809800 Exception <a 'java/lang/NoSuchMethodError'{0x000000070fcc46e0}: 'java.lang.Object java.lang.invoke.DirectMethodHandle$Holder.invokeSpecial(java.lang.Object, java.lang.Object, int, java.lang.Object, java.lang.Object, java.lang.Object)'> (0x000000070fcc46e0) 
thrown [/scratch/mesos/slaves/fcf4c0c4-d73e-4321-860c-6613427db92b-S2452/frameworks/1735e8a2-a1db-478c-8104-60c8b0af87dd-0196/executors/ab12d1f8-defd-4a26-b83a-82b67c14bc8d/runs/ad8904cf-d9a8-428f-8f86-4d88be7b86bd/workspace/open/src/hotspot/share/inter
Event: 0.524 Thread 0x00007f96dc809800 Exception <a 'java/lang/NoSuchMethodError'{0x000000070fcda9d8}: 'java.lang.Object java.lang.invoke.DirectMethodHandle$Holder.invokeStatic(java.lang.Object, int, java.lang.Object)'> (0x000000070fcda9d8) 
thrown [/scratch/mesos/slaves/fcf4c0c4-d73e-4321-860c-6613427db92b-S2452/frameworks/1735e8a2-a1db-478c-8104-60c8b0af87dd-0196/executors/ab12d1f8-defd-4a26-b83a-82b67c14bc8d/runs/ad8904cf-d9a8-428f-8f86-4d88be7b86bd/workspace/open/src/hotspot/share/interpreter/linkResolver.cpp, line 767]
Event: 0.531 Thread 0x00007f96dc809800 Exception <a 'java/lang/ClassNotFoundException'{0x000000070fb11300}: com/apple/laf/resources/spi/aquaProvider> (0x000000070fb11300) 
thrown [/scratch/mesos/slaves/fcf4c0c4-d73e-4321-860c-6613427db92b-S2452/frameworks/1735e8a2-a1db-478c-8104-60c8b0af87dd-0196/executors/ab12d1f8-defd-4a26-b83a-82b67c14bc8d/runs/ad8904cf-d9a8-428f-8f86-4d88be7b86bd/workspace/open/src/hotspot/share/classfile/systemDictionary.cpp, line 232]
Event: 0.675 Thread 0x00007f96dc809800 Exception <a 'java/lang/ClassNotFoundException'{0x000000070fa83138}: com/sun/swing/internal/plaf/basic/resources/spi/basicProvider> (0x000000070fa83138) 
thrown [/scratch/mesos/slaves/fcf4c0c4-d73e-4321-860c-6613427db92b-S2452/frameworks/1735e8a2-a1db-478c-8104-60c8b0af87dd-0196/executors/ab12d1f8-defd-4a26-b83a-82b67c14bc8d/runs/ad8904cf-d9a8-428f-8f86-4d88be7b86bd/workspace/open/src/hotspot/share/classfile/systemDictionary.cpp, line 232]
Event: 0.727 Thread 0x00007f96dc809800 Exception <a 'java/lang/NoSuchMethodError'{0x000000070faf2e28}: 'java.lang.Object java.lang.invoke.Invokers$Holder.linkToTargetMethod(java.lang.Object, java.lang.Object, int, java.lang.Object, java.lang.Object)'> (0x000000070faf2e28) 
thrown [/scratch/mesos/slaves/fcf4c0c4-d73e-4321-860c-6613427db92b-S2452/frameworks/1735e8a2-a1db-478c-8104-60c8b0af87dd-0196/executors/ab12d1f8-defd-4a26-b83a-82b67c14bc8d/runs/ad8904cf-d9a8-428f-8f86-4d88be7b86bd/workspace/open/src/hotspot/share/interpreter/linkResolver.cpp
Event: 0.753 Thread 0x00007f96dc809800 Exception <a 'java/lang/NoSuchMethodError'{0x000000070faf67f8}: 'void java.lang.invoke.DirectMethodHandle$Holder.invokeStatic(java.lang.Object, int, long)'> (0x000000070faf67f8) 
thrown [/scratch/mesos/slaves/fcf4c0c4-d73e-4321-860c-6613427db92b-S2452/frameworks/1735e8a2-a1db-478c-8104-60c8b0af87dd-0196/executors/ab12d1f8-defd-4a26-b83a-82b67c14bc8d/runs/ad8904cf-d9a8-428f-8f86-4d88be7b86bd/workspace/open/src/hotspot/share/interpreter/linkResolver.cpp, line 767]
Event: 0.756 Thread 0x00007f96dc809800 Exception <a 'java/lang/NoSuchMethodError'{0x000000070fafdaf8}: 'void java.lang.invoke.DirectMethodHandle$Holder.invokeSpecial(java.lang.Object, java.lang.Object)'> (0x000000070fafdaf8) 
thrown [/scratch/mesos/slaves/fcf4c0c4-d73e-4321-860c-6613427db92b-S2452/frameworks/1735e8a2-a1db-478c-8104-60c8b0af87dd-0196/executors/ab12d1f8-defd-4a26-b83a-82b67c14bc8d/runs/ad8904cf-d9a8-428f-8f86-4d88be7b86bd/workspace/open/src/hotspot/share/interpreter/linkResolver.cpp, line 767]
Event: 0.760 Thread 0x00007f96dd0cd800 Exception <a 'java/lang/NoSuchMethodError'{0x000000070f97c8f0}: 'void java.lang.invoke.DirectMethodHandle$Holder.invokeStatic(java.lang.Object, long)'> (0x000000070f97c8f0) 
thrown [/scratch/mesos/slaves/fcf4c0c4-d73e-4321-860c-6613427db92b-S2452/frameworks/1735e8a2-a1db-478c-8104-60c8b0af87dd-0196/executors/ab12d1f8-defd-4a26-b83a-82b67c14bc8d/runs/ad8904cf-d9a8-428f-8f86-4d88be7b86bd/workspace/open/src/hotspot/share/interpreter/linkResolver.cpp, line 767]
Event: 0.761 Thread 0x00007f96dc809800 Exception <a 'java/lang/NoSuchMethodError'{0x000000070f90eb88}: 'java.lang.Object java.lang.invoke.Invokers$Holder.linkToTargetMethod(int, int, int, int, java.lang.Object)'> (0x000000070f90eb88) 
thrown [/scratch/mesos/slaves/fcf4c0c4-d73e-4321-860c-6613427db92b-S2452/frameworks/1735e8a2-a1db-478c-8104-60c8b0af87dd-0196/executors/ab12d1f8-defd-4a26-b83a-82b67c14bc8d/runs/ad8904cf-d9a8-428f-8f86-4d88be7b86bd/workspace/open/src/hotspot/share/interpreter/linkResolver.cpp, line 767]
Event: 0.761 Thread 0x00007f96dc809800 Exception <a 'java/lang/NoSuchMethodError'{0x000000070f911820}: 'void java.lang.invoke.DirectMethodHandle$Holder.invokeStatic(java.lang.Object, java.lang.Object, long)'> (0x000000070f911820) 
thrown [/scratch/mesos/slaves/fcf4c0c4-d73e-4321-860c-6613427db92b-S2452/frameworks/1735e8a2-a1db-478c-8104-60c8b0af87dd-0196/executors/ab12d1f8-defd-4a26-b83a-82b67c14bc8d/runs/ad8904cf-d9a8-428f-8f86-4d88be7b86bd/workspace/open/src/hotspot/share/interpreter/linkResolver.cpp, line 767]
Event: 0.780 Thread 0x00007f96dc859000 Exception <a 'java/lang/NoSuchMethodError'{0x000000070fa32080}: 'void java.lang.invoke.DirectMethodHandle$Holder.invokeSpecial(java.lang.Object, java.lang.Object, long)'> (0x000000070fa32080) 
thrown [/scratch/mesos/slaves/fcf4c0c4-d73e-4321-860c-6613427db92b-S2452/frameworks/1735e8a2-a1db-478c-8104-60c8b0af87dd-0196/executors/ab12d1f8-defd-4a26-b83a-82b67c14bc8d/runs/ad8904cf-d9a8-428f-8f86-4d88be7b86bd/workspace/open/src/hotspot/share/interpreter/linkResolver.cpp, line 767]
Event: 1.983 Thread 0x00007f96dc809800 Exception <a 'java/lang/NoSuchMethodError'{0x000000070f75f550}: 'void java.lang.invoke.DirectMethodHandle$Holder.invokeStatic(java.lang.Object, long, long)'> (0x000000070f75f550) 
thrown [/scratch/mesos/slaves/fcf4c0c4-d73e-4321-860c-6613427db92b-S2452/frameworks/1735e8a2-a1db-478c-8104-60c8b0af87dd-0196/executors/ab12d1f8-defd-4a26-b83a-82b67c14bc8d/runs/ad8904cf-d9a8-428f-8f86-4d88be7b86bd/workspace/open/src/hotspot/share/interpreter/linkResolver.cpp, line 767]
Event: 1.984 Thread 0x00007f96dc809800 Exception <a 'java/lang/NoSuchMethodError'{0x000000070f76a820}: 'java.lang.Object java.lang.invoke.Invokers$Holder.linkToTargetMethod(java.lang.Object, int, java.lang.Object)'> (0x000000070f76a820) 
thrown [/scratch/mesos/slaves/fcf4c0c4-d73e-4321-860c-6613427db92b-S2452/frameworks/1735e8a2-a1db-478c-8104-60c8b0af87dd-0196/executors/ab12d1f8-defd-4a26-b83a-82b67c14bc8d/runs/ad8904cf-d9a8-428f-8f86-4d88be7b86bd/workspace/open/src/hotspot/share/interpreter/linkResolver.cpp, line 767]
Event: 243.080 Thread 0x00007f96dd812000 Exception <a 'java/lang/NullPointerException'{0x000000070ff001c0}> (0x000000070ff001c0) 
thrown [/scratch/mesos/slaves/fcf4c0c4-d73e-4321-860c-6613427db92b-S2452/frameworks/1735e8a2-a1db-478c-8104-60c8b0af87dd-0196/executors/ab12d1f8-defd-4a26-b83a-82b67c14bc8d/runs/ad8904cf-d9a8-428f-8f86-4d88be7b86bd/workspace/open/src/hotspot/share/interpreter/linkResolver.cpp, line 1349]
Event: 243.080 Thread 0x00007f96dd812000 Exception <a 'java/lang/NullPointerException'{0x000000070ff00490}> (0x000000070ff00490) 
thrown [/scratch/mesos/slaves/fcf4c0c4-d73e-4321-860c-6613427db92b-S2452/frameworks/1735e8a2-a1db-478c-8104-60c8b0af87dd-0196/executors/ab12d1f8-defd-4a26-b83a-82b67c14bc8d/runs/ad8904cf-d9a8-428f-8f86-4d88be7b86bd/workspace/open/src/hotspot/share/interpreter/linkResolver.cpp, line 1349]
Event: 243.086 Thread 0x00007f96dd812000 Exception <a 'java/lang/NullPointerException'{0x000000070ff007f0}> (0x000000070ff007f0) 
thrown [/scratch/mesos/slaves/fcf4c0c4-d73e-4321-860c-6613427db92b-S2452/frameworks/1735e8a2-a1db-478c-8104-60c8b0af87dd-0196/executors/ab12d1f8-defd-4a26-b83a-82b67c14bc8d/runs/ad8904cf-d9a8-428f-8f86-4d88be7b86bd/workspace/open/src/hotspot/share/interpreter/linkResolver.cpp, line 1349]

Events (20 events):
Event: 243.276 Thread 0x00007f96de023800 flushing nmethod 0x000000011db71690
Event: 243.276 Thread 0x00007f96de023800 flushing nmethod 0x000000011db72b10
Event: 243.403 Executing VM operation: G1CollectForAllocation
Event: 243.415 Executing VM operation: G1CollectForAllocation done
Event: 243.418 Executing VM operation: G1Concurrent
Event: 243.419 Executing VM operation: G1Concurrent done
Event: 243.421 Executing VM operation: G1Concurrent
Event: 243.421 Executing VM operation: G1Concurrent done
Event: 243.528 Executing VM operation: G1CollectForAllocation
Event: 243.532 Executing VM operation: G1CollectForAllocation done
Event: 243.542 Executing VM operation: G1Concurrent
Event: 243.543 Executing VM operation: G1Concurrent done
Event: 243.546 Executing VM operation: G1Concurrent
Event: 243.546 Executing VM operation: G1Concurrent done
Event: 245.622 Executing VM operation: G1CollectForAllocation
Event: 245.626 Executing VM operation: G1CollectForAllocation done
Event: 245.634 Executing VM operation: G1Concurrent
Event: 245.635 Executing VM operation: G1Concurrent done
Event: 245.638 Executing VM operation: G1Concurrent
Event: 245.638 Executing VM operation: G1Concurrent done


Dynamic libraries:
0x00007fff6d5aa000 	/usr/lib/libz.1.dylib
0x000000010d91d000 	/Library/Java/JavaVirtualMachines/jdk-13.0.1.jdk/Contents/Home/lib/libjli.dylib
0x00007fff3316a000 	/System/Library/Frameworks/Cocoa.framework/Versions/A/Cocoa
0x00007fff40952000 	/System/Library/Frameworks/Security.framework/Versions/A/Security
0x00007fff320d1000 	/System/Library/Frameworks/ApplicationServices.framework/Versions/A/ApplicationServices
0x00007fff6b06e000 	/usr/lib/libSystem.B.dylib
0x00007fff6de6a000 	/usr/lib/system/libcache.dylib
0x00007fff6de70000 	/usr/lib/system/libcommonCrypto.dylib
0x00007fff6de7c000 	/usr/lib/system/libcompiler_rt.dylib
0x00007fff6de84000 	/usr/lib/system/libcopyfile.dylib
0x00007fff6de8e000 	/usr/lib/system/libcorecrypto.dylib
0x00007fff6e02d000 	/usr/lib/system/libdispatch.dylib
0x00007fff6e06e000 	/usr/lib/system/libdyld.dylib
0x00007fff6e0a5000 	/usr/lib/system/libkeymgr.dylib
0x00007fff6e0b3000 	/usr/lib/system/liblaunch.dylib
0x00007fff6e0b4000 	/usr/lib/system/libmacho.dylib
0x00007fff6e0ba000 	/usr/lib/system/libquarantine.dylib
0x00007fff6e0bd000 	/usr/lib/system/libremovefile.dylib
0x00007fff6e0bf000 	/usr/lib/system/libsystem_asl.dylib
0x00007fff6e0d7000 	/usr/lib/system/libsystem_blocks.dylib
0x00007fff6e0d8000 	/usr/lib/system/libsystem_c.dylib
0x00007fff6e160000 	/usr/lib/system/libsystem_configuration.dylib
0x00007fff6e164000 	/usr/lib/system/libsystem_coreservices.dylib
0x00007fff6e168000 	/usr/lib/system/libsystem_darwin.dylib
0x00007fff6e171000 	/usr/lib/system/libsystem_dnssd.dylib
0x00007fff6e179000 	/usr/lib/system/libsystem_featureflags.dylib
0x00007fff6e17b000 	/usr/lib/system/libsystem_info.dylib
0x00007fff6e1f6000 	/usr/lib/system/libsystem_m.dylib
0x00007fff6e23e000 	/usr/lib/system/libsystem_malloc.dylib
0x00007fff6e266000 	/usr/lib/system/libsystem_networkextension.dylib
0x00007fff6e274000 	/usr/lib/system/libsystem_notify.dylib
0x00007fff6e292000 	/usr/lib/system/libsystem_sandbox.dylib
0x00007fff6e297000 	/usr/lib/system/libsystem_secinit.dylib
0x00007fff6e1c9000 	/usr/lib/system/libsystem_kernel.dylib
0x00007fff6e27e000 	/usr/lib/system/libsystem_platform.dylib
0x00007fff6e287000 	/usr/lib/system/libsystem_pthread.dylib
0x00007fff6e29a000 	/usr/lib/system/libsystem_symptoms.dylib
0x00007fff6e2a2000 	/usr/lib/system/libsystem_trace.dylib
0x00007fff6e2ba000 	/usr/lib/system/libunwind.dylib
0x00007fff6e2c0000 	/usr/lib/system/libxpc.dylib
0x00007fff6cece000 	/usr/lib/libobjc.A.dylib
0x00007fff6b3a7000 	/usr/lib/libc++abi.dylib
0x00007fff6b354000 	/usr/lib/libc++.1.dylib
0x00007fff3400a000 	/System/Library/Frameworks/CoreFoundation.framework/Versions/A/CoreFoundation
0x00007fff366c4000 	/System/Library/Frameworks/Foundation.framework/Versions/C/Foundation
0x00007fff312c1000 	/System/Library/Frameworks/AppKit.framework/Versions/C/AppKit
0x00007fff33aee000 	/System/Library/Frameworks/CoreData.framework/Versions/A/CoreData
0x00007fff65089000 	/System/Library/PrivateFrameworks/UIFoundation.framework/Versions/A/UIFoundation
0x00007fff6012d000 	/System/Library/PrivateFrameworks/RemoteViewServices.framework/Versions/A/RemoteViewServices
0x00007fff67bde000 	/System/Library/PrivateFrameworks/XCTTargetBootstrap.framework/Versions/A/XCTTargetBootstrap
0x00007fff33ed9000 	/System/Library/Frameworks/CoreDisplay.framework/Versions/A/CoreDisplay
0x00007fff3957f000 	/System/Library/Frameworks/Metal.framework/Versions/A/Metal
0x00007fff4e139000 	/System/Library/PrivateFrameworks/DesktopServicesPriv.framework/Versions/A/DesktopServicesPriv
0x00007fff6c1a9000 	/usr/lib/liblangid.dylib
0x00007fff4d3d1000 	/System/Library/PrivateFrameworks/CoreSVG.framework/Versions/A/CoreSVG
0x00007fff63286000 	/System/Library/PrivateFrameworks/SkyLight.framework/Versions/A/SkyLight
0x00007fff3448b000 	/System/Library/Frameworks/CoreGraphics.framework/Versions/A/CoreGraphics
0x00007fff2fc95000 	/System/Library/Frameworks/Accelerate.framework/Versions/A/Accelerate
0x00007fff6d49b000 	/usr/lib/libxml2.2.dylib
0x00007fff590c6000 	/System/Library/PrivateFrameworks/IconServices.framework/Versions/A/IconServices
0x00007fff36ea3000 	/System/Library/Frameworks/IOSurface.framework/Versions/A/IOSurface
0x00007fff6ab98000 	/usr/lib/libDiagnosticMessagesClient.dylib
0x00007fff4df93000 	/System/Library/PrivateFrameworks/DFRFoundation.framework/Versions/A/DFRFoundation
0x00007fff6bf38000 	/usr/lib/libicucore.A.dylib
0x00007fff32403000 	/System/Library/Frameworks/AudioToolbox.framework/Versions/A/AudioToolbox
0x00007fff324e6000 	/System/Library/Frameworks/AudioUnit.framework/Versions/A/AudioUnit
0x00007fff6b270000 	/usr/lib/libauto.dylib
0x00007fff4e035000 	/System/Library/PrivateFrameworks/DataDetectorsCore.framework/Versions/A/DataDetectorsCore
0x00007fff32c8b000 	/System/Library/Frameworks/Carbon.framework/Versions/A/Frameworks/HIToolbox.framework/Versions/A/HIToolbox
0x00007fff3fb4f000 	/System/Library/Frameworks/QuartzCore.framework/Versions/A/QuartzCore
0x00007fff32fca000 	/System/Library/Frameworks/Carbon.framework/Versions/A/Frameworks/SpeechRecognition.framework/Versions/A/SpeechRecognition
0x00007fff4daaa000 	/System/Library/PrivateFrameworks/CoreUI.framework/Versions/A/CoreUI
0x00007fff33559000 	/System/Library/Frameworks/CoreAudio.framework/Versions/A/CoreAudio
0x00007fff36385000 	/System/Library/Frameworks/DiskArbitration.framework/Versions/A/DiskArbitration
0x00007fff5b114000 	/System/Library/PrivateFrameworks/MultitouchSupport.framework/Versions/A/MultitouchSupport
0x00007fff6bdff000 	/usr/lib/libenergytrace.dylib
0x00007fff36dfd000 	/System/Library/Frameworks/IOKit.framework/Versions/A/IOKit
0x00007fff353f1000 	/System/Library/Frameworks/CoreServices.framework/Versions/A/CoreServices
0x00007fff5d2c3000 	/System/Library/PrivateFrameworks/PerformanceAnalysis.framework/Versions/A/PerformanceAnalysis
0x00007fff3eb82000 	/System/Library/Frameworks/OpenGL.framework/Versions/A/OpenGL
0x00007fff33178000 	/System/Library/Frameworks/ColorSync.framework/Versions/A/ColorSync
0x00007fff34b0d000 	/System/Library/Frameworks/CoreImage.framework/Versions/A/CoreImage
0x00007fff35e64000 	/System/Library/Frameworks/CoreText.framework/Versions/A/CoreText
0x00007fff36f33000 	/System/Library/Frameworks/ImageIO.framework/Versions/A/ImageIO
0x00007fff6b3d0000 	/usr/lib/libcompression.dylib
0x00007fff6aedc000 	/usr/lib/libMobileGestalt.dylib
0x00007fff64dfe000 	/System/Library/PrivateFrameworks/TextureIO.framework/Versions/A/TextureIO
0x00007fff6b1d3000 	/usr/lib/libate.dylib
0x00007fff592cf000 	/System/Library/PrivateFrameworks/InternationalSupport.framework/Versions/A/InternationalSupport
0x00007fff6c1ab000 	/usr/lib/liblzma.5.dylib
0x00007fff6be26000 	/usr/lib/libfakelink.dylib
0x00007fff6b160000 	/usr/lib/libarchive.2.dylib
0x00007fff41a03000 	/System/Library/Frameworks/SystemConfiguration.framework/Versions/A/SystemConfiguration
0x00007fff6aacb000 	/usr/lib/libCRFSuite.dylib
0x00007fff3287c000 	/System/Library/Frameworks/CFNetwork.framework/Versions/A/CFNetwork
0x00007fff6b336000 	/usr/lib/libbsm.0.dylib
0x00007fff6e0a6000 	/usr/lib/system/libkxld.dylib
0x00007fff4791f000 	/System/Library/PrivateFrameworks/AppleFSCompression.framework/Versions/A/AppleFSCompression
0x00007fff6b6c1000 	/usr/lib/libcoretls.dylib
0x00007fff6b6d8000 	/usr/lib/libcoretls_cfhelpers.dylib
0x00007fff6cf14000 	/usr/lib/libpam.2.dylib
0x00007fff6d049000 	/usr/lib/libsqlite3.dylib
0x00007fff6d488000 	/usr/lib/libxar.1.dylib
0x00007fff6b347000 	/usr/lib/libbz2.1.0.dylib
0x00007fff6be47000 	/usr/lib/libiconv.2.dylib
0x00007fff6b3bd000 	/usr/lib/libcharset.1.dylib
0x00007fff6c9b1000 	/usr/lib/libnetwork.dylib
0x00007fff6cf1b000 	/usr/lib/libpcap.A.dylib
0x00007fff6b115000 	/usr/lib/libapple_nghttp2.dylib
0x00007fff357a8000 	/System/Library/Frameworks/CoreServices.framework/Versions/A/Frameworks/FSEvents.framework/Versions/A/FSEvents
0x00007fff35478000 	/System/Library/Frameworks/CoreServices.framework/Versions/A/Frameworks/CarbonCore.framework/Versions/A/CarbonCore
0x00007fff359ec000 	/System/Library/Frameworks/CoreServices.framework/Versions/A/Frameworks/Metadata.framework/Versions/A/Metadata
0x00007fff35a85000 	/System/Library/Frameworks/CoreServices.framework/Versions/A/Frameworks/OSServices.framework/Versions/A/OSServices
0x00007fff35ab3000 	/System/Library/Frameworks/CoreServices.framework/Versions/A/Frameworks/SearchKit.framework/Versions/A/SearchKit
0x00007fff353f2000 	/System/Library/Frameworks/CoreServices.framework/Versions/A/Frameworks/AE.framework/Versions/A/AE
0x00007fff357b1000 	/System/Library/Frameworks/CoreServices.framework/Versions/A/Frameworks/LaunchServices.framework/Versions/A/LaunchServices
0x00007fff3575a000 	/System/Library/Frameworks/CoreServices.framework/Versions/A/Frameworks/DictionaryServices.framework/Versions/A/DictionaryServices
0x00007fff35b1b000 	/System/Library/Frameworks/CoreServices.framework/Versions/A/Frameworks/SharedFileList.framework/Versions/A/SharedFileList
0x00007fff3a9a2000 	/System/Library/Frameworks/NetFS.framework/Versions/A/NetFS
0x00007fff5b644000 	/System/Library/PrivateFrameworks/NetAuth.framework/Versions/A/NetAuth
0x00007fff67fab000 	/System/Library/PrivateFrameworks/login.framework/Versions/A/Frameworks/loginsupport.framework/Versions/A/loginsupport
0x00007fff648c9000 	/System/Library/PrivateFrameworks/TCC.framework/Versions/A/TCC
0x00007fff4c544000 	/System/Library/PrivateFrameworks/CoreNLP.framework/Versions/A/CoreNLP
0x00007fff5ab41000 	/System/Library/PrivateFrameworks/MetadataUtilities.framework/Versions/A/MetadataUtilities
0x00007fff6c283000 	/usr/lib/libmecabra.dylib
0x00007fff6c1db000 	/usr/lib/libmecab.dylib
0x00007fff6be37000 	/usr/lib/libgermantok.dylib
0x00007fff6b0fc000 	/usr/lib/libThaiTokenizer.dylib
0x00007fff6ab02000 	/usr/lib/libChineseTokenizer.dylib
0x00007fff2fcad000 	/System/Library/Frameworks/Accelerate.framework/Versions/A/Frameworks/vImage.framework/Versions/A/vImage
0x00007fff31117000 	/System/Library/Frameworks/Accelerate.framework/Versions/A/Frameworks/vecLib.framework/Versions/A/vecLib
0x00007fff31054000 	/System/Library/Frameworks/Accelerate.framework/Versions/A/Frameworks/vecLib.framework/Versions/A/libvMisc.dylib
0x00007fff30e7c000 	/System/Library/Frameworks/Accelerate.framework/Versions/A/Frameworks/vecLib.framework/Versions/A/libvDSP.dylib
0x00007fff30304000 	/System/Library/Frameworks/Accelerate.framework/Versions/A/Frameworks/vecLib.framework/Versions/A/libBLAS.dylib
0x00007fff30a40000 	/System/Library/Frameworks/Accelerate.framework/Versions/A/Frameworks/vecLib.framework/Versions/A/libLAPACK.dylib
0x00007fff30ddc000 	/System/Library/Frameworks/Accelerate.framework/Versions/A/Frameworks/vecLib.framework/Versions/A/libLinearAlgebra.dylib
0x00007fff30e69000 	/System/Library/Frameworks/Accelerate.framework/Versions/A/Frameworks/vecLib.framework/Versions/A/libSparseBLAS.dylib
0x00007fff30df2000 	/System/Library/Frameworks/Accelerate.framework/Versions/A/Frameworks/vecLib.framework/Versions/A/libQuadrature.dylib
0x00007fff3056c000 	/System/Library/Frameworks/Accelerate.framework/Versions/A/Frameworks/vecLib.framework/Versions/A/libBNNS.dylib
0x00007fff30df8000 	/System/Library/Frameworks/Accelerate.framework/Versions/A/Frameworks/vecLib.framework/Versions/A/libSparse.dylib
0x00007fff596b7000 	/System/Library/PrivateFrameworks/LanguageModeling.framework/Versions/A/LanguageModeling
0x00007fff4bef4000 	/System/Library/PrivateFrameworks/CoreEmoji.framework/Versions/A/CoreEmoji
0x00007fff597d5000 	/System/Library/PrivateFrameworks/LinguisticData.framework/Versions/A/LinguisticData
0x00007fff59786000 	/System/Library/PrivateFrameworks/Lexicon.framework/Versions/A/Lexicon
0x00007fff6b3be000 	/usr/lib/libcmph.dylib
0x00007fff3d590000 	/System/Library/Frameworks/OpenDirectory.framework/Versions/A/Frameworks/CFOpenDirectory.framework/Versions/A/CFOpenDirectory
0x00007fff3d5ad000 	/System/Library/Frameworks/OpenDirectory.framework/Versions/A/OpenDirectory
0x00007fff459d2000 	/System/Library/PrivateFrameworks/APFS.framework/Versions/A/APFS
0x00007fff40c9c000 	/System/Library/Frameworks/SecurityFoundation.framework/Versions/A/SecurityFoundation
0x00007fff6d484000 	/usr/lib/libutil.dylib
0x00007fff4d429000 	/System/Library/PrivateFrameworks/CoreServicesStore.framework/Versions/A/CoreServicesStore
0x00007fff40d53000 	/System/Library/Frameworks/ServiceManagement.framework/Versions/A/ServiceManagement
0x00007fff490ee000 	/System/Library/PrivateFrameworks/BackgroundTaskManagement.framework/Versions/A/BackgroundTaskManagement
0x00007fff6d581000 	/usr/lib/libxslt.1.dylib
0x00007fff47f92000 	/System/Library/PrivateFrameworks/AppleSystemInfo.framework/Versions/A/AppleSystemInfo
0x00007fff3714e000 	/System/Library/Frameworks/ImageIO.framework/Versions/A/Resources/libJPEG.dylib
0x00007fff3740a000 	/System/Library/Frameworks/ImageIO.framework/Versions/A/Resources/libTIFF.dylib
0x00007fff373ed000 	/System/Library/Frameworks/ImageIO.framework/Versions/A/Resources/libPng.dylib
0x00007fff37090000 	/System/Library/Frameworks/ImageIO.framework/Versions/A/Resources/libGIF.dylib
0x00007fff37094000 	/System/Library/Frameworks/ImageIO.framework/Versions/A/Resources/libJP2.dylib
0x00007fff37408000 	/System/Library/Frameworks/ImageIO.framework/Versions/A/Resources/libRadiance.dylib
0x00007fff6be00000 	/usr/lib/libexpat.1.dylib
0x00007fff47a7a000 	/System/Library/PrivateFrameworks/AppleJPEG.framework/Versions/A/AppleJPEG
0x00007fff50728000 	/System/Library/PrivateFrameworks/FontServices.framework/libFontParser.dylib
0x00007fff66fb0000 	/System/Library/PrivateFrameworks/WatchdogClient.framework/Versions/A/WatchdogClient
0x00007fff58d12000 	/System/Library/PrivateFrameworks/IOAccelerator.framework/Versions/A/IOAccelerator
0x00007fff3991a000 	/System/Library/Frameworks/MetalPerformanceShaders.framework/Versions/A/MetalPerformanceShaders
0x00007fff554a9000 	/System/Library/PrivateFrameworks/GPUWrangler.framework/Versions/A/GPUWrangler
0x00007fff58d27000 	/System/Library/PrivateFrameworks/IOPresentment.framework/Versions/A/IOPresentment
0x00007fff4dfa6000 	/System/Library/PrivateFrameworks/DSExternalDisplay.framework/Versions/A/DSExternalDisplay
0x00007fff3df21000 	/System/Library/Frameworks/OpenGL.framework/Versions/A/Libraries/libCoreFSCache.dylib
0x00007fff39666000 	/System/Library/Frameworks/MetalPerformanceShaders.framework/Frameworks/MPSCore.framework/Versions/A/MPSCore
0x00007fff396a4000 	/System/Library/Frameworks/MetalPerformanceShaders.framework/Frameworks/MPSImage.framework/Versions/A/MPSImage
0x00007fff3976b000 	/System/Library/Frameworks/MetalPerformanceShaders.framework/Frameworks/MPSNeuralNetwork.framework/Versions/A/MPSNeuralNetwork
0x00007fff3972f000 	/System/Library/Frameworks/MetalPerformanceShaders.framework/Frameworks/MPSMatrix.framework/Versions/A/MPSMatrix
0x00007fff398ca000 	/System/Library/Frameworks/MetalPerformanceShaders.framework/Frameworks/MPSRayIntersector.framework/Versions/A/MPSRayIntersector
0x00007fff39755000 	/System/Library/Frameworks/MetalPerformanceShaders.framework/Frameworks/MPSNDArray.framework/Versions/A/MPSNDArray
0x00007fff5ab8e000 	/System/Library/PrivateFrameworks/MetalTools.framework/Versions/A/MetalTools
0x00007fff46ba7000 	/System/Library/PrivateFrameworks/AggregateDictionary.framework/Versions/A/AggregateDictionary
0x00007fff4b93e000 	/System/Library/PrivateFrameworks/CoreAnalytics.framework/Versions/A/CoreAnalytics
0x00007fff47eb1000 	/System/Library/PrivateFrameworks/AppleSauce.framework/Versions/A/AppleSauce
0x00007fff6adbe000 	/usr/lib/libIOReport.dylib
0x00007fff3601c000 	/System/Library/Frameworks/CoreVideo.framework/Versions/A/CoreVideo
0x00007fff56923000 	/System/Library/PrivateFrameworks/GraphVisualizer.framework/Versions/A/GraphVisualizer
0x00007fff4fc6f000 	/System/Library/PrivateFrameworks/FaceCore.framework/Versions/A/FaceCore
0x00007fff3d537000 	/System/Library/Frameworks/OpenCL.framework/Versions/A/OpenCL
0x00007fff6abe0000 	/usr/lib/libFosl_dynamic.dylib
0x00007fff5c064000 	/System/Library/PrivateFrameworks/OTSVG.framework/Versions/A/OTSVG
0x00007fff321d6000 	/System/Library/Frameworks/ApplicationServices.framework/Versions/A/Frameworks/ATS.framework/Versions/A/Resources/libFontRegistry.dylib
0x00007fff508fa000 	/System/Library/PrivateFrameworks/FontServices.framework/libhvf.dylib
0x00007fff3df2c000 	/System/Library/Frameworks/OpenGL.framework/Versions/A/Libraries/libGFXShared.dylib
0x00007fff3e10a000 	/System/Library/Frameworks/OpenGL.framework/Versions/A/Libraries/libGLU.dylib
0x00007fff3df35000 	/System/Library/Frameworks/OpenGL.framework/Versions/A/Libraries/libGL.dylib
0x00007fff3df40000 	/System/Library/Frameworks/OpenGL.framework/Versions/A/Libraries/libGLImage.dylib
0x00007fff3df1e000 	/System/Library/Frameworks/OpenGL.framework/Versions/A/Libraries/libCVMSPluginSupport.dylib
0x00007fff3df27000 	/System/Library/Frameworks/OpenGL.framework/Versions/A/Libraries/libCoreVMClient.dylib
0x00007fff6c852000 	/usr/lib/libncurses.5.4.dylib
0x00007fff320d2000 	/System/Library/Frameworks/ApplicationServices.framework/Versions/A/Frameworks/ATS.framework/Versions/A/ATS
0x00007fff3229f000 	/System/Library/Frameworks/ApplicationServices.framework/Versions/A/Frameworks/ColorSyncLegacy.framework/Versions/A/ColorSyncLegacy
0x00007fff3233d000 	/System/Library/Frameworks/ApplicationServices.framework/Versions/A/Frameworks/HIServices.framework/Versions/A/HIServices
0x00007fff32395000 	/System/Library/Frameworks/ApplicationServices.framework/Versions/A/Frameworks/LangAnalysis.framework/Versions/A/LangAnalysis
0x00007fff323a4000 	/System/Library/Frameworks/ApplicationServices.framework/Versions/A/Frameworks/PrintCore.framework/Versions/A/PrintCore
0x00007fff323ea000 	/System/Library/Frameworks/ApplicationServices.framework/Versions/A/Frameworks/QD.framework/Versions/A/QD
0x00007fff323f5000 	/System/Library/Frameworks/ApplicationServices.framework/Versions/A/Frameworks/SpeechSynthesis.framework/Versions/A/SpeechSynthesis
0x00007fff3226f000 	/System/Library/Frameworks/ApplicationServices.framework/Versions/A/Frameworks/ATSUI.framework/Versions/A/ATSUI
0x00007fff6bc96000 	/usr/lib/libcups.2.dylib
0x00007fff389b5000 	/System/Library/Frameworks/Kerberos.framework/Versions/A/Kerberos
0x00007fff36af6000 	/System/Library/Frameworks/GSS.framework/Versions/A/GSS
0x00007fff6cfd5000 	/usr/lib/libresolv.9.dylib
0x00007fff56ad0000 	/System/Library/PrivateFrameworks/Heimdal.framework/Versions/A/Heimdal
0x00007fff389c8000 	/System/Library/Frameworks/Kerberos.framework/Versions/A/Libraries/libHeimdalProxy.dylib
0x00007fff6be3d000 	/usr/lib/libheimdal-asn1.dylib
0x00007fff4add9000 	/System/Library/PrivateFrameworks/CommonAuth.framework/Versions/A/CommonAuth
0x00007fff4802f000 	/System/Library/PrivateFrameworks/AssertionServices.framework/Versions/A/AssertionServices
0x00007fff48bd1000 	/System/Library/PrivateFrameworks/AudioToolboxCore.framework/Versions/A/AudioToolboxCore
0x00007fff67c5b000 	/System/Library/PrivateFrameworks/caulk.framework/Versions/A/caulk
0x00007fff4919a000 	/System/Library/PrivateFrameworks/BaseBoard.framework/Versions/A/BaseBoard
0x00007fff602bb000 	/System/Library/PrivateFrameworks/RunningBoardServices.framework/Versions/A/RunningBoardServices
0x00007fff5d2cf000 	/System/Library/PrivateFrameworks/PersistentConnection.framework/Versions/A/PersistentConnection
0x00007fff5fcb5000 	/System/Library/PrivateFrameworks/ProtocolBuffer.framework/Versions/A/ProtocolBuffer
0x00007fff4adfd000 	/System/Library/PrivateFrameworks/CommonUtilities.framework/Versions/A/CommonUtilities
0x00007fff49328000 	/System/Library/PrivateFrameworks/Bom.framework/Versions/A/Bom
0x00007fff6aa91000 	/usr/lib/libAudioToolboxUtility.dylib
0x00007fff490f8000 	/System/Library/PrivateFrameworks/Backup.framework/Versions/A/Backup
0x00007fff4dec7000 	/System/Library/PrivateFrameworks/CrashReporterSupport.framework/Versions/A/CrashReporterSupport
0x00007fff61d4c000 	/System/Library/PrivateFrameworks/Sharing.framework/Versions/A/Sharing
0x00007fff4763d000 	/System/Library/PrivateFrameworks/Apple80211.framework/Versions/A/Apple80211
0x00007fff48e15000 	/System/Library/PrivateFrameworks/AuthKit.framework/Versions/A/AuthKit
0x00007fff4dbd7000 	/System/Library/PrivateFrameworks/CoreUtils.framework/Versions/A/CoreUtils
0x00007fff36061000 	/System/Library/Frameworks/CoreWLAN.framework/Versions/A/CoreWLAN
0x00007fff36c83000 	/System/Library/Frameworks/IOBluetooth.framework/Versions/A/IOBluetooth
0x00007fff5ae93000 	/System/Library/PrivateFrameworks/MobileKeyBag.framework/Versions/A/MobileKeyBag
0x00007fff4c9dc000 	/System/Library/PrivateFrameworks/CorePhoneNumbers.framework/Versions/A/CorePhoneNumbers
0x00007fff47a2d000 	/System/Library/PrivateFrameworks/AppleIDAuthSupport.framework/Versions/A/AppleIDAuthSupport
0x00007fff3a9af000 	/System/Library/Frameworks/Network.framework/Versions/A/Network
0x00007fff59563000 	/System/Library/PrivateFrameworks/KeychainCircle.framework/Versions/A/KeychainCircle
0x00007fff33ab5000 	/System/Library/Frameworks/CoreBluetooth.framework/Versions/A/CoreBluetooth
0x00007fff63dc9000 	/System/Library/PrivateFrameworks/SpeechRecognitionCore.framework/Versions/A/SpeechRecognitionCore
0x000000010f200000 	/Library/Java/JavaVirtualMachines/jdk-13.0.1.jdk/Contents/Home/lib/server/libjvm.dylib
0x000000010d943000 	/Library/Java/JavaVirtualMachines/jdk-13.0.1.jdk/Contents/Home/lib/libverify.dylib
0x000000010d94f000 	/Library/Java/JavaVirtualMachines/jdk-13.0.1.jdk/Contents/Home/lib/libjava.dylib
0x000000010d975000 	/Library/Java/JavaVirtualMachines/jdk-13.0.1.jdk/Contents/Home/lib/libinstrument.dylib
0x000000010d9c7000 	/Library/Java/JavaVirtualMachines/jdk-13.0.1.jdk/Contents/Home/lib/libzip.dylib
0x000000010d9ce000 	/Library/Java/JavaVirtualMachines/jdk-13.0.1.jdk/Contents/Home/lib/libjimage.dylib
0x000000010d9f0000 	/Library/Java/JavaVirtualMachines/jdk-13.0.1.jdk/Contents/Home/lib/libnio.dylib
0x000000011c7a7000 	/Library/Java/JavaVirtualMachines/jdk-13.0.1.jdk/Contents/Home/lib/libnet.dylib
0x000000011c7ba000 	/Library/Java/JavaVirtualMachines/jdk-13.0.1.jdk/Contents/Home/lib/libextnet.dylib
0x000000011c7bd000 	/Library/Java/JavaVirtualMachines/jdk-13.0.1.jdk/Contents/Home/lib/libawt.dylib
0x000000011c853000 	/Library/Java/JavaVirtualMachines/jdk-13.0.1.jdk/Contents/Home/lib/libmlib_image.dylib
0x00007fff3899f000 	/System/Library/Frameworks/JavaVM.framework/Versions/A/Frameworks/JavaNativeFoundation.framework/Versions/A/JavaNativeFoundation
0x00007fff389a8000 	/System/Library/Frameworks/JavaVM.framework/Versions/A/Frameworks/JavaRuntimeSupport.framework/Versions/A/JavaRuntimeSupport
0x00007fff389b0000 	/System/Library/Frameworks/JavaVM.framework/Versions/A/JavaVM
0x00007fff5937a000 	/System/Library/PrivateFrameworks/JavaLaunching.framework/Versions/A/JavaLaunching
0x00007fff32c86000 	/System/Library/Frameworks/Carbon.framework/Versions/A/Carbon
0x00007fff4d97c000 	/System/Library/PrivateFrameworks/CoreSymbolication.framework/Versions/A/CoreSymbolication
0x00007fff32c87000 	/System/Library/Frameworks/Carbon.framework/Versions/A/Frameworks/CommonPanels.framework/Versions/A/CommonPanels
0x00007fff32f80000 	/System/Library/Frameworks/Carbon.framework/Versions/A/Frameworks/Help.framework/Versions/A/Help
0x00007fff32f84000 	/System/Library/Frameworks/Carbon.framework/Versions/A/Frameworks/ImageCapture.framework/Versions/A/ImageCapture
0x00007fff32f8b000 	/System/Library/Frameworks/Carbon.framework/Versions/A/Frameworks/OpenScripting.framework/Versions/A/OpenScripting
0x00007fff32f8a000 	/System/Library/Frameworks/Carbon.framework/Versions/A/Frameworks/Ink.framework/Versions/A/Ink
0x00007fff32fc6000 	/System/Library/Frameworks/Carbon.framework/Versions/A/Frameworks/Print.framework/Versions/A/Print
0x00007fff32fc7000 	/System/Library/Frameworks/Carbon.framework/Versions/A/Frameworks/SecurityHI.framework/Versions/A/SecurityHI
0x00007fff4e0fb000 	/System/Library/PrivateFrameworks/DebugSymbols.framework/Versions/A/DebugSymbols
0x000000011c8b9000 	/Library/Java/JavaVirtualMachines/jdk-13.0.1.jdk/Contents/Home/lib/libawt_lwawt.dylib
0x000000011c963000 	/Library/Java/JavaVirtualMachines/jdk-13.0.1.jdk/Contents/Home/lib/libosxapp.dylib
0x00007fff3655f000 	/System/Library/Frameworks/ExceptionHandling.framework/Versions/A/ExceptionHandling
0x000000011c97e000 	/Library/Java/JavaVirtualMachines/jdk-13.0.1.jdk/Contents/Home/lib/libfontmanager.dylib
0x000000011ca7c000 	/Library/Java/JavaVirtualMachines/jdk-13.0.1.jdk/Contents/Home/lib/libfreetype.dylib
0x00007fff4d3f5000 	/System/Library/PrivateFrameworks/CoreServicesInternal.framework/Versions/A/CoreServicesInternal
0x00007fff3657e000 	/System/Library/Frameworks/FileProvider.framework/Versions/A/FileProvider
0x00007fff31118000 	/System/Library/Frameworks/Accounts.framework/Versions/A/Accounts
0x00007fff557ce000 	/System/Library/PrivateFrameworks/GenerationalStorage.framework/Versions/A/GenerationalStorage
0x00007fff64609000 	/System/Library/PrivateFrameworks/SymptomDiagnosticReporter.framework/Versions/A/SymptomDiagnosticReporter
0x00007fff47142000 	/System/Library/PrivateFrameworks/AppContainer.framework/Versions/A/AppContainer
0x00007fff6cfef000 	/usr/lib/libsandbox.1.dylib
0x00007fff65f54000 	/System/Library/PrivateFrameworks/UserManagement.framework/Versions/A/UserManagement
0x00007fff49ee3000 	/System/Library/PrivateFrameworks/ChunkingLibrary.framework/Versions/A/ChunkingLibrary
0x00007fff471b4000 	/System/Library/PrivateFrameworks/AppSandbox.framework/Versions/A/AppSandbox
0x00007fff61bd6000 	/System/Library/PrivateFrameworks/SecCodeWrapper.framework/Versions/A/SecCodeWrapper
0x00007fff6aea6000 	/usr/lib/libMatch.1.dylib
0x00007fff270fc000 	/System/Library/CoreServices/RawCamera.bundle/Contents/MacOS/RawCamera
0x00007fff5acbd000 	/System/Library/PrivateFrameworks/MobileAsset.framework/Versions/A/MobileAsset
0x00007fff644b1000 	/System/Library/PrivateFrameworks/StreamingZip.framework/Versions/A/StreamingZip
0x00007fff38e30000 	/System/Library/Frameworks/MediaToolbox.framework/Versions/A/MediaToolbox
0x00007fff4b8ee000 	/System/Library/PrivateFrameworks/CoreAVCHD.framework/Versions/A/CoreAVCHD
0x00007fff38d5a000 	/System/Library/Frameworks/MediaAccessibility.framework/Versions/A/MediaAccessibility
0x00007fff5a072000 	/System/Library/PrivateFrameworks/Mangrove.framework/Versions/A/Mangrove
0x00007fff35229000 	/System/Library/Frameworks/CoreMedia.framework/Versions/A/CoreMedia
0x00007fff5a2de000 	/System/Library/PrivateFrameworks/MediaExperience.framework/Versions/A/MediaExperience
0x00007fff41cf0000 	/System/Library/Frameworks/VideoToolbox.framework/Versions/A/VideoToolbox
0x00007fff4b518000 	/System/Library/PrivateFrameworks/CoreAUC.framework/Versions/A/CoreAUC
0x00007fff6d047000 	/usr/lib/libspindump.dylib
0x00007fff48580000 	/System/Library/PrivateFrameworks/AudioResourceArbitration.framework/Versions/A/AudioResourceArbitration
0x00007fff47f96000 	/System/Library/PrivateFrameworks/AppleVA.framework/Versions/A/AppleVA
0x00007fff2fc96000 	/System/Library/Frameworks/Accelerate.framework/Versions/A/Frameworks/vImage.framework/Versions/A/Libraries/libCGInterfaces.dylib
0x000000011d3cd000 	/usr/lib/libobjc-trampolines.dylib
0x00007fff50861000 	/System/Library/PrivateFrameworks/FontServices.framework/libTrueTypeScaler.dylib
0x00007fff277bd000 	/System/Library/Extensions/AMDRadeonX6000MTLDriver.bundle/Contents/MacOS/AMDRadeonX6000MTLDriver
0x00007fff58d08000 	/System/Library/PrivateFrameworks/IOAccelMemoryInfo.framework/Versions/A/IOAccelMemoryInfo
0x00007fff2ca0e000 	/System/Library/Extensions/AppleIntelKBLGraphicsMTLDriver.bundle/Contents/MacOS/AppleIntelKBLGraphicsMTLDriver
0x00007fff53deb000 	/System/Library/PrivateFrameworks/GPUCompiler.framework/Versions/3902/Libraries/libmetal_timestamp.dylib
0x00007fff66d20000 	/System/Library/PrivateFrameworks/ViewBridge.framework/Versions/A/ViewBridge
0x00007fff67fae000 	/System/Library/PrivateFrameworks/login.framework/Versions/A/login
0x00000001380ca000 	/Library/Java/JavaVirtualMachines/jdk-13.0.1.jdk/Contents/Home/lib/libosxui.dylib
0x00007fff3eb92000 	/System/Library/Frameworks/OpenGL.framework/Versions/A/Resources/GLEngine.bundle/GLEngine
0x00007fff3df75000 	/System/Library/Frameworks/OpenGL.framework/Versions/A/Libraries/libGLProgrammability.dylib
0x00007fff2ba06000 	/System/Library/Extensions/AppleIntelKBLGraphicsGLDriver.bundle/Contents/MacOS/AppleIntelKBLGraphicsGLDriver
0x00007fff5549d000 	/System/Library/PrivateFrameworks/GPUSupport.framework/Versions/A/Libraries/libGPUSupportMercury.dylib
0x00000001380d3000 	/System/Library/Extensions/AMDRadeonX6000GLDriver.bundle/Contents/MacOS/AMDRadeonX6000GLDriver
0x00007fff27786000 	/System/Library/Extensions/AMDRadeonX6000GLDriver.bundle/Contents/MacOS/ATIRadeonX6000SCLib.dylib
0x00007fff2898b000 	/System/Library/Extensions/AMDShared.bundle/Contents/PlugIns/libSC.dylib
0x00007fff3ed0c000 	/System/Library/Frameworks/OpenGL.framework/Versions/A/Resources/GLRendererFloat.bundle/GLRendererFloat
0x00007fff3d52e000 	/System/Library/Frameworks/OpenCL.framework/Versions/A/Libraries/libcldcpuengine.dylib
0x00007fff270d5000 	/System/Library/CoreServices/Encodings/libSimplifiedChineseConverter.dylib
0x00007fff4625a000 	/System/Library/PrivateFrameworks/AccessibilityBundles.framework/Versions/A/AccessibilityBundles


VM Arguments:
jvm_args: -javaagent:/Applications/IntelliJ IDEA.app/Contents/lib/idea_rt.jar=54261:/Applications/IntelliJ IDEA.app/Contents/bin -Dfile.encoding=UTF-8 
java_command: main
java_class_path (initial): /Users/florianschiffel/Duale Hochschule Baden-Wrttemberg Stuttgart/Maier Stefan (inf18229) - TEAMORDNER_DHBW/SWE/Software-Projekt/SWEII_CASE_TOOL/target/classes:/Users/florianschiffel/Duale Hochschule Baden-Wrttemberg Stuttgart/Maier Stefan (inf18229) - TEAMORDNER_DHBW/SWE/Software-Projekt/SWEII_CASE_TOOL/lib/javax.transaction.jar:/Users/florianschiffel/Duale Hochschule Baden-Wrttemberg Stuttgart/Maier Stefan (inf18229) - TEAMORDNER_DHBW/SWE/Software-Projekt/SWEII_CASE_TOOL/lib/javax.annotation.jar:/Users/florianschiffel/Duale Hochschule Baden-Wrttemberg Stuttgart/Maier Stefan (inf18229) - TEAMORDNER_DHBW/SWE/Software-Projekt/SWEII_CASE_TOOL/lib/javax.jms.jar:/Users/florianschiffel/Duale Hochschule Baden-Wrttemberg Stuttgart/Maier Stefan (inf18229) - TEAMORDNER_DHBW/SWE/Software-Projekt/SWEII_CASE_TOOL/lib/javax.resource.jar:/Users/florianschiffel/Duale Hochschule Baden-Wrttemberg Stuttgart/Maier Stefan (inf18229) - TEAMORDNER_DHBW/SWE/Software-Projekt/SWEII_CASE_TOOL/lib/javax.servlet.jar:/Users/florianschiffel/Duale Hochschule Baden-Wrttemberg Stuttgart/Maier Stefan (inf18229) - TEAMORDNER_DHBW/SWE/Software-Projekt/SWEII_CASE_TOOL/lib/javax.ejb.jar:/Users/florianschiffel/Duale Hochschule Baden-Wrttemberg Stuttgart/Maier Stefan (inf18229) - TEAMORDNER_DHBW/SWE/Software-Projekt/SWEII_CASE_TOOL/lib/javax.persistence.jar:/Users/florianschiffel/Duale Hochschule Baden-Wrttemberg Stuttgart/Maier Stefan (inf18229) - TEAMORDNER_DHBW/SWE/Software-Projekt/SWEII_CASE_TOOL/lib/javax.servlet.jsp.jar:/Users/florianschiffel/Duale Hochschule Baden-Wrttemberg Stuttgart/Maier Stefan (inf18229) - TEAMORDNER_DHBW/SWE/Software-Projekt/SWEII_CASE_TOOL/lib/javax.servlet.jsp.jstl.jar:/Users/florianschiffel/.m2/repository/com/sun/activation/javax.activation/1.2.0/javax.activation-1.2.0.jar:/Users/florianschiffel/.m2/repository/javax/xml/bind/jaxb-api/2.3.0/jaxb-api-2.3.0.jar:/Users/florianschiffel/.m2/repository/com/sun/xml/bind/jaxb-core/2.
Launcher Type: SUN_STANDARD

[Global flags]
     intx CICompilerCount                          = 4                                         {product} {ergonomic}
     uint ConcGCThreads                            = 3                                         {product} {ergonomic}
     uint G1ConcRefinementThreads                  = 10                                        {product} {ergonomic}
   size_t G1HeapRegionSize                         = 1048576                                   {product} {ergonomic}
    uintx GCDrainStackTargetSize                   = 64                                        {product} {ergonomic}
   size_t InitialHeapSize                          = 268435456                                 {product} {ergonomic}
   size_t MarkStackSize                            = 4194304                                   {product} {ergonomic}
   size_t MaxHeapSize                              = 4294967296                                {product} {ergonomic}
   size_t MaxNewSize                               = 2576351232                                {product} {ergonomic}
   size_t MinHeapDeltaBytes                        = 1048576                                   {product} {ergonomic}
   size_t MinHeapSize                              = 8388608                                   {product} {ergonomic}
    uintx NonNMethodCodeHeapSize                   = 5836300                                {pd product} {ergonomic}
    uintx NonProfiledCodeHeapSize                  = 122910970                              {pd product} {ergonomic}
    uintx ProfiledCodeHeapSize                     = 122910970                              {pd product} {ergonomic}
    uintx ReservedCodeCacheSize                    = 251658240                              {pd product} {ergonomic}
     bool SegmentedCodeCache                       = true                                      {product} {ergonomic}
   size_t SoftMaxHeapSize                          = 4294967296                             {manageable} {ergonomic}
     bool UseCompressedClassPointers               = true                                 {lp64_product} {ergonomic}
     bool UseCompressedOops                        = true                                 {lp64_product} {ergonomic}
     bool UseG1GC                                  = true                                      {product} {ergonomic}

Logging:
Log output configuration:
 #0: stdout all=warning uptime,level,tags
 #1: stderr all=off uptime,level,tags

Environment Variables:
PATH=/usr/local/sbin:/usr/local/opt/bison/bin:/usr/local/bin:/usr/bin:/bin:/usr/sbin:/sbin:~/Library/Python/3.7/bin:/Library/TeX/texbin:/opt/X11/bin:/Library/Apple/usr/bin:/Users/florianschiffel/Library/Python/3.7/bin
SHELL=/bin/zsh
DISPLAY=/private/tmp/com.apple.launchd.ywoV98nT5J/org.macosforge.xquartz:0

Signal Handlers:
SIGSEGV: [libjvm.dylib+0x781570], sa_mask[0]=11111111011111110111111111111111, sa_flags=SA_ONSTACK|SA_RESTART|SA_SIGINFO
SIGBUS: [libjvm.dylib+0x781570], sa_mask[0]=11111111011111110111111111111111, sa_flags=SA_RESTART|SA_SIGINFO
SIGFPE: [libjvm.dylib+0x781570], sa_mask[0]=11111111011111110111111111111111, sa_flags=SA_RESTART|SA_SIGINFO
SIGPIPE: [libjvm.dylib+0x627f75], sa_mask[0]=11111111011111110111111111111111, sa_flags=SA_RESTART|SA_SIGINFO
SIGXFSZ: [libjvm.dylib+0x627f75], sa_mask[0]=11111111011111110111111111111111, sa_flags=SA_RESTART|SA_SIGINFO
SIGILL: [libjvm.dylib+0x781570], sa_mask[0]=11111111011111110111111111111111, sa_flags=SA_RESTART|SA_SIGINFO
SIGUSR2: [libjvm.dylib+0x62855f], sa_mask[0]=00100000000000000000000000000000, sa_flags=SA_RESTART|SA_SIGINFO
SIGHUP: [libjvm.dylib+0x62754d], sa_mask[0]=11111111011111110111111111111111, sa_flags=SA_RESTART|SA_SIGINFO
SIGINT: [libjvm.dylib+0x62754d], sa_mask[0]=11111111011111110111111111111111, sa_flags=SA_RESTART|SA_SIGINFO
SIGTERM: [libjvm.dylib+0x62754d], sa_mask[0]=11111111011111110111111111111111, sa_flags=SA_RESTART|SA_SIGINFO
SIGQUIT: [libjvm.dylib+0x62754d], sa_mask[0]=11111111011111110111111111111111, sa_flags=SA_RESTART|SA_SIGINFO


---------------  S Y S T E M  ---------------

OS:uname:Darwin 19.5.0 Darwin Kernel Version 19.5.0: Tue May 26 20:41:44 PDT 2020; root:xnu-6153.121.2~2/RELEASE_X86_64 x86_64
rlimit: STACK 8192k, CORE 0k, NPROC 2784, NOFILE 10240, AS infinity, DATA infinity, FSIZE infinity
load average:1.98 2.43 2.83

CPU:total 12 (initial active 12) (6 cores per cpu, 2 threads per core) family 6 model 158 stepping 10, cmov, cx8, fxsr, mmx, sse, sse2, sse3, ssse3, sse4.1, sse4.2, popcnt, avx, avx2, aes, clmul, erms, 3dnowpref, lzcnt, ht, tsc, tscinvbit, bmi1, bmi2, adx, fma

Memory: 4k page, physical 16777216k(22852k free), swap 2097152k(1067776k free)

vm_info: Java HotSpot(TM) 64-Bit Server VM (13.0.1+9) for bsd-amd64 JRE (13.0.1+9), built on Oct  6 2019 11:43:59 by "mach5one" with clang 4.2.1 Compatible Apple LLVM 10.0.0 (clang-1000.11.45.5)

END.
